Log file open, 03/13/18 14:56:08
LogWindows: Failed to load 'aqProf.dll' (GetLastError=126)
LogWindows: File 'aqProf.dll' does not exist
LogWindows: Failed to load 'VSPerf140.dll' (GetLastError=126)
LogWindows: File 'VSPerf140.dll' does not exist
LogWindows: Failed to load 'VtuneApi.dll' (GetLastError=126)
LogWindows: File 'VtuneApi.dll' does not exist
LogWindows: Failed to load 'VtuneApi32e.dll' (GetLastError=126)
LogWindows: File 'VtuneApi32e.dll' does not exist
LogInit: Display: Running engine for game: Side_Scoller
LogPlatformFile: Not using cached read wrapper
LogInit: Display: RandInit(1321785119) SRandInit(1321785119).
LogTaskGraph: Started task graph with 5 named threads and 14 total threads with 3 sets of task threads.
LogStats: Stats thread started at 0.277225
LogD3D11RHI: Aftermath initialized
LogPluginManager: Mounting plugin Paper2D
LogPluginManager: Mounting plugin LightPropagationVolume
LogPluginManager: Mounting plugin CodeLiteSourceCodeAccess
LogPluginManager: Mounting plugin GitSourceControl
LogPluginManager: Mounting plugin KDevelopSourceCodeAccess
LogPluginManager: Mounting plugin NullSourceCodeAccess
LogPluginManager: Mounting plugin PerforceSourceControl
LogPluginManager: Mounting plugin SubversionSourceControl
LogPluginManager: Mounting plugin UObjectPlugin
LogPluginManager: Mounting plugin VisualStudioSourceCodeAccess
LogPluginManager: Mounting plugin XCodeSourceCodeAccess
LogPluginManager: Mounting plugin AssetManagerEditor
LogPluginManager: Mounting plugin AudioCapture
LogPluginManager: Mounting plugin FacialAnimation
LogPluginManager: Mounting plugin GameplayTagsEditor
LogPluginManager: Mounting plugin MobileLauncherProfileWizard
LogPluginManager: Mounting plugin PluginBrowser
LogPluginManager: Mounting plugin SpeedTreeImporter
LogPluginManager: Mounting plugin AlembicImporter
LogPluginManager: Mounting plugin CharacterAI
LogPluginManager: Mounting plugin HTML5Networking
LogPluginManager: Mounting plugin AndroidMedia
LogPluginManager: Mounting plugin AvfMedia
LogPluginManager: Mounting plugin MediaPlayerEditor
LogPluginManager: Mounting plugin WmfMedia
LogPluginManager: Mounting plugin TcpMessaging
LogPluginManager: Mounting plugin UdpMessaging
LogPluginManager: Mounting plugin LevelSequenceEditor
LogPluginManager: Mounting plugin MatineeToLevelSequence
LogPluginManager: Mounting plugin OnlineSubsystemGooglePlay
LogPluginManager: Mounting plugin OnlineSubsystemIOS
LogPluginManager: Mounting plugin OnlineSubsystem
LogPluginManager: Mounting plugin OnlineSubsystemNull
LogPluginManager: Mounting plugin OnlineSubsystemUtils
LogPluginManager: Mounting plugin AndroidDeviceProfileSelector
LogPluginManager: Mounting plugin AndroidMoviePlayer
LogPluginManager: Mounting plugin AndroidPermission
LogPluginManager: Mounting plugin AppleMoviePlayer
LogPluginManager: Mounting plugin ArchVisCharacter
LogPluginManager: Mounting plugin CableComponent
LogPluginManager: Mounting plugin CustomMeshComponent
LogPluginManager: Mounting plugin ExampleDeviceProfileSelector
LogPluginManager: Mounting plugin GoogleCloudMessaging
LogPluginManager: Mounting plugin ImmediatePhysics
LogPluginManager: Mounting plugin IOSDeviceProfileSelector
LogPluginManager: Mounting plugin LinuxDeviceProfileSelector
LogPluginManager: Mounting plugin LocationServicesBPLibrary
LogPluginManager: Mounting plugin MobilePatchingUtils
LogPluginManager: Mounting plugin OculusVR
LogPluginManager: Mounting plugin PhysXVehicles
LogPluginManager: Mounting plugin ProceduralMeshComponent
LogPluginManager: Mounting plugin RuntimePhysXCooking
LogPluginManager: Mounting plugin SteamVR
LogPluginManager: Mounting plugin WindowsMoviePlayer
LogInit: Using libcurl 7.47.1
LogInit:  - built for x86_64-pc-win32
LogInit:  - supports SSL with OpenSSL/1.0.2g
LogInit:  - supports HTTP deflate (compression) using libz 1.2.8
LogInit:  - other features:
LogInit:      CURL_VERSION_SSL
LogInit:      CURL_VERSION_LIBZ
LogInit:      CURL_VERSION_IPV6
LogInit:      CURL_VERSION_ASYNCHDNS
LogInit:      CURL_VERSION_LARGEFILE
LogInit:      CURL_VERSION_IDN
LogInit:  CurlRequestOptions (configurable via config and command line):
LogInit:  - bVerifyPeer = false  - Libcurl will NOT verify peer certificate
LogInit:  - bUseHttpProxy = false  - Libcurl will NOT use HTTP proxy
LogInit:  - bDontReuseConnections = false  - Libcurl will reuse connections
LogInit:  - CertBundlePath = nullptr  - Libcurl will use whatever was configured at build time.
LogInit: Build: ++UE4+Release-4.17-CL-3658906
LogInit: Engine Version: 4.17.2-3658906+++UE4+Release-4.17
LogInit: Compatible Engine Version: 4.17.0-3573198+++UE4+Release-4.17
LogInit: Net CL: 3573198
LogDevObjectVersion: Number of dev versions registered: 16
LogDevObjectVersion:   Dev-Blueprints (B0D832E4-1F89-4F0D-ACCF-7EB736FD4AA2): 10
LogDevObjectVersion:   Dev-Build (E1C64328-A22C-4D53-A36C-8E866417BD8C): 0
LogDevObjectVersion:   Dev-Core (375EC13C-06E4-48FB-B500-84F0262A717E): 2
LogDevObjectVersion:   Dev-Editor (E4B068ED-F494-42E9-A231-DA0B2E46BB41): 20
LogDevObjectVersion:   Dev-Framework (CFFC743F-43B0-4480-9391-14DF171D2073): 28
LogDevObjectVersion:   Dev-Mobile (B02B49B5-BB20-44E9-A304-32B752E40360): 0
LogDevObjectVersion:   Dev-Networking (A4E4105C-59A1-49B5-A7C5-40C4547EDFEE): 0
LogDevObjectVersion:   Dev-Online (39C831C9-5AE6-47DC-9A44-9C173E1C8E7C): 0
LogDevObjectVersion:   Dev-Physics (78F01B33-EBEA-4F98-B9B4-84EACCB95AA2): 0
LogDevObjectVersion:   Dev-Platform (6631380F-2D4D-43E0-8009-CF276956A95A): 0
LogDevObjectVersion:   Dev-Rendering (12F88B9F-8875-4AFC-A67C-D90C383ABD29): 19
LogDevObjectVersion:   Dev-Sequencer (7B5AE74C-D270-4C10-A958-57980B212A5A): 4
LogDevObjectVersion:   Dev-VR (D7296918-1DD6-4BDD-9DE2-64A83CC13884): 0
LogDevObjectVersion:   Dev-LoadTimes (C2A15278-BFE7-4AFE-6C17-90FF531DF755): 1
LogDevObjectVersion:   Private-Geometry (6EACA3D4-40EC-4CC1-B786-8BED09428FC5): 1
LogDevObjectVersion:   Dev-AnimPhys (29E575DD-E0A3-4627-9D10-D276232CDCEA): 7
LogInit: Compiled (64-bit): Sep 22 2017 13:47:16
LogInit: Compiled with Visual C++: 19.00.24215.01
LogInit: Build Configuration: Development
LogInit: Branch Name: ++UE4+Release-4.17
LogInit: Command line:  
LogInit: Base directory: D:/Program Files/UE_4.17/Engine/Binaries/Win64/
LogInit: Installed Engine Build: 1
LogInit: Presizing for max 8388607 objects, including 0 objects not considered by GC, pre-allocating 0 bytes for permanent pool.
LogInit: Object subsystem initialized
[2018.03.13-13.56.10:011][  0]LogInit: Selected Device Profile: [Windows]
[2018.03.13-13.56.10:011][  0]LogInit: Applying CVar settings loaded from the selected device profile: [Windows]
[2018.03.13-13.56.10:038][  0]LogInit: Computer: MSI
[2018.03.13-13.56.10:038][  0]LogInit: User: Lug
[2018.03.13-13.56.10:038][  0]LogInit: CPU Page size=4096, Cores=4
[2018.03.13-13.56.10:039][  0]LogInit: High frequency timer resolution =2.742190 MHz
[2018.03.13-13.56.10:039][  0]LogMemory: Memory total: Physical=15.9GB (16GB approx)
[2018.03.13-13.56.10:040][  0]LogMemory: Platform Memory Stats for Windows
[2018.03.13-13.56.10:040][  0]LogMemory: Process Physical Memory: 281.19 MB used, 281.19 MB peak
[2018.03.13-13.56.10:040][  0]LogMemory: Process Virtual Memory: 283.59 MB used, 283.59 MB peak
[2018.03.13-13.56.10:040][  0]LogMemory: Physical Memory: 7880.19 MB used,  8391.15 MB free, 16271.34 MB total
[2018.03.13-13.56.10:040][  0]LogMemory: Virtual Memory: 702.57 MB used,  8391.15 MB free, 134217728.00 MB total
[2018.03.13-13.56.12:004][  0]LogInit: Using OS detected language (fr-FR).
[2018.03.13-13.56.12:004][  0]LogInit: Using OS detected locale (fr-FR).
[2018.03.13-13.56.12:014][  0]LogTextLocalizationManager: No localization for 'fr-FR' exists, so 'en' will be used for the language.
[2018.03.13-13.56.12:015][  0]LogTextLocalizationManager: No localization for 'fr-FR' exists, so 'en' will be used for the locale.
[2018.03.13-13.56.13:875][  0]LogD3D11RHI: D3D11 adapters:
[2018.03.13-13.56.14:042][  0]LogD3D11RHI:    0. 'NVIDIA GeForce GTX 1060' (Feature Level 11_0)
[2018.03.13-13.56.14:042][  0]LogD3D11RHI:       6084/0/8135 MB DedicatedVideo/DedicatedSystem/SharedSystem, Outputs:1, VendorId:0x10de
[2018.03.13-13.56.14:067][  0]LogD3D11RHI:    1. 'Intel(R) HD Graphics 630' (Feature Level 11_0)
[2018.03.13-13.56.14:067][  0]LogD3D11RHI:       128/0/8135 MB DedicatedVideo/DedicatedSystem/SharedSystem, Outputs:0, VendorId:0x8086
[2018.03.13-13.56.14:073][  0]LogD3D11RHI:    2. 'Microsoft Basic Render Driver' (Feature Level 11_0)
[2018.03.13-13.56.14:073][  0]LogD3D11RHI:       0/0/8135 MB DedicatedVideo/DedicatedSystem/SharedSystem, Outputs:0, VendorId:0x1414
[2018.03.13-13.56.14:073][  0]LogD3D11RHI: Chosen D3D11 Adapter: 0
[2018.03.13-13.56.14:095][  0]LogD3D11RHI: Creating new Direct3DDevice
[2018.03.13-13.56.14:096][  0]LogD3D11RHI:     GPU DeviceId: 0x1c20 (for the marketing name, search the web for "GPU Device Id")
[2018.03.13-13.56.14:096][  0]LogWindows: EnumDisplayDevices:
[2018.03.13-13.56.14:096][  0]LogWindows:    0. 'Intel(R) HD Graphics 630' (P:1 D:1)
[2018.03.13-13.56.14:096][  0]LogWindows:    1. 'Intel(R) HD Graphics 630' (P:0 D:0)
[2018.03.13-13.56.14:097][  0]LogWindows:    2. 'Intel(R) HD Graphics 630' (P:0 D:0)
[2018.03.13-13.56.14:098][  0]LogWindows:    3. 'NVIDIA GeForce GTX 1060' (P:0 D:0)
[2018.03.13-13.56.14:098][  0]LogWindows:    4. 'NVIDIA GeForce GTX 1060' (P:0 D:0)
[2018.03.13-13.56.14:098][  0]LogWindows:    5. 'NVIDIA GeForce GTX 1060' (P:0 D:0)
[2018.03.13-13.56.14:099][  0]LogWindows:    6. 'NVIDIA GeForce GTX 1060' (P:0 D:0)
[2018.03.13-13.56.14:099][  0]LogWindows: DebugString: GetVideoDriverDetailsInvalid PrimaryIsNotTheChoosenAdapter GetVideoDriverDetailsInvalid PrimaryIsNotTheChoosenAdapter GetVideoDriverDetailsInvalid PrimaryIsNotTheChoosenAdapter GetVideoDriverDetailsInvalid PrimaryIsNotTheChoosenAdapter GetVideoDriverDetailsInvalid PrimaryIsNotTheChoosenAdapter GetVideoDriverDetailsInvalid PrimaryIsNotTheChoosenAdapter GetVideoDriverDetailsInvalid PrimaryIsNotTheChoosenAdapter FoundDriverCount:0 
[2018.03.13-13.56.14:099][  0]LogD3D11RHI:     Adapter Name: NVIDIA GeForce GTX 1060
[2018.03.13-13.56.14:099][  0]LogD3D11RHI:   Driver Version: Unknown (internal:Unknown, unified:Unknown)
[2018.03.13-13.56.14:099][  0]LogD3D11RHI:      Driver Date: Unknown
[2018.03.13-13.56.14:099][  0]LogRHI: Texture pool is 1361 MB (70% of 1945 MB)
[2018.03.13-13.56.14:192][  0]LogD3D11RHI: Async texture creation enabled
[2018.03.13-13.56.14:239][  0]LogD3D11RHI: GPU Timing Frequency: 1000.000000 (Debug: 2 1)
[2018.03.13-13.56.14:242][  0]LogShaderCompilers: Guid format shader working directory is -13 characters bigger than the processId version (C:/Users/Lug/Documents/Unreal Projects/Kter/Side_Scoller/Intermediate/Shaders/WorkingDirectory/17716/).
[2018.03.13-13.56.14:243][  0]LogShaderCompilers: Cleaned the shader compiler working directory 'C:/Users/Lug/AppData/Local/Temp/UnrealShaderWorkingDir/3DCB3287433B18EF6B4D01AD3186CCB2/'.
[2018.03.13-13.56.14:243][  0]LogShaderCompilers: Display: Using Local Shader Compiler.
[2018.03.13-13.56.17:174][  0]LogTemp: Display: Loaded TP AllDesktopTargetPlatform
[2018.03.13-13.56.17:292][  0]LogTemp: Display: Loaded TP MacClientTargetPlatform
[2018.03.13-13.56.17:410][  0]LogTemp: Display: Loaded TP MacNoEditorTargetPlatform
[2018.03.13-13.56.17:525][  0]LogTemp: Display: Loaded TP MacServerTargetPlatform
[2018.03.13-13.56.17:642][  0]LogTemp: Display: Loaded TP MacTargetPlatform
[2018.03.13-13.56.17:762][  0]LogTemp: Display: Loaded TP WindowsClientTargetPlatform
[2018.03.13-13.56.17:888][  0]LogTemp: Display: Loaded TP WindowsNoEditorTargetPlatform
[2018.03.13-13.56.18:009][  0]LogTemp: Display: Loaded TP WindowsServerTargetPlatform
[2018.03.13-13.56.18:111][  0]LogTemp: Display: Loaded TP WindowsTargetPlatform
[2018.03.13-13.56.18:243][  0]LogTemp: Display: Loaded TP AndroidTargetPlatform
[2018.03.13-13.56.18:357][  0]LogTemp: Display: Loaded TP Android_ASTCTargetPlatform
[2018.03.13-13.56.18:477][  0]LogTemp: Display: Loaded TP Android_ATCTargetPlatform
[2018.03.13-13.56.18:597][  0]LogTemp: Display: Loaded TP Android_DXTTargetPlatform
[2018.03.13-13.56.18:717][  0]LogTemp: Display: Loaded TP Android_ETC1TargetPlatform
[2018.03.13-13.56.18:834][  0]LogTemp: Display: Loaded TP Android_ETC2TargetPlatform
[2018.03.13-13.56.19:080][  0]LogTemp: Display: Loaded TP Android_MultiTargetPlatform
[2018.03.13-13.56.19:081][  0]LogTemp: Display: Loaded TP Android_PVRTCTargetPlatform
[2018.03.13-13.56.19:168][  0]LogTemp: Display: Loaded TP HTML5TargetPlatform
[2018.03.13-13.56.19:339][  0]LogTemp: Display: Loaded TP IOSTargetPlatform
[2018.03.13-13.56.19:409][  0]LogTemp: Display: Loaded TP TVOSTargetPlatform
[2018.03.13-13.56.19:519][  0]LogTemp: Display: Loaded TP LinuxClientTargetPlatform
[2018.03.13-13.56.19:641][  0]LogTemp: Display: Loaded TP LinuxNoEditorTargetPlatform
[2018.03.13-13.56.19:752][  0]LogTemp: Display: Loaded TP LinuxServerTargetPlatform
[2018.03.13-13.56.19:865][  0]LogTemp: Display: Loaded TP LinuxTargetPlatform
[2018.03.13-13.56.19:865][  0]LogTargetPlatformManager: Display: Building Assets For Windows
[2018.03.13-13.56.20:874][  0]LogDerivedDataCache: Display: Max Cache Size: 512 MB
[2018.03.13-13.56.21:103][  0]LogDerivedDataCache: Loaded boot cache 0.23s 93MB C:/Users/Lug/AppData/Local/UnrealEngine/4.17/DerivedDataCache/Boot.ddc.
[2018.03.13-13.56.21:104][  0]LogDerivedDataCache: Display: Loaded Boot cache: C:/Users/Lug/AppData/Local/UnrealEngine/4.17/DerivedDataCache/Boot.ddc
[2018.03.13-13.56.21:104][  0]LogDerivedDataCache: FDerivedDataBackendGraph:  Pak pak cache file C:/Users/Lug/Documents/Unreal Projects/Kter/Side_Scoller/DerivedDataCache/DDC.ddp not found, will not use a pak cache.
[2018.03.13-13.56.21:104][  0]LogDerivedDataCache: Unable to find inner node Pak for hierarchical cache Hierarchy.
[2018.03.13-13.56.21:104][  0]LogDerivedDataCache: FDerivedDataBackendGraph:  CompressedPak pak cache file C:/Users/Lug/Documents/Unreal Projects/Kter/Side_Scoller/DerivedDataCache/Compressed.ddp not found, will not use a pak cache.
[2018.03.13-13.56.21:104][  0]LogDerivedDataCache: Unable to find inner node CompressedPak for hierarchical cache Hierarchy.
[2018.03.13-13.56.21:153][  0]LogDerivedDataCache: Display: Pak cache opened for reading ../../../Engine/DerivedDataCache/Compressed.ddp.
[2018.03.13-13.56.21:168][  0]LogDerivedDataCache: Using Local data cache path C:/Users/Lug/AppData/Local/UnrealEngine/Common/DerivedDataCache: Writable
[2018.03.13-13.56.21:200][  0]LogMaterial: Verifying Global Shaders for PCD3D_SM5
[2018.03.13-13.56.21:201][  0]LogSlate: Using Freetype 2.6.0
[2018.03.13-13.56.21:203][  0]LogSlate: SlateFontCache - WITH_FREETYPE: 1, WITH_HARFBUZZ: 1
[2018.03.13-13.56.21:203][  0]LogSlate: SlateFontCache - WITH_FREETYPE: 1, WITH_HARFBUZZ: 1
[2018.03.13-13.56.21:917][  0]LogAssetRegistry: FAssetRegistry took 0.0332 seconds to start up
[2018.03.13-13.56.22:273][  0]LogInit: Selected Device Profile: [Windows]
[2018.03.13-13.56.23:193][  0]LogSimplygon: Simplygon DLL not present - disabling.
[2018.03.13-13.56.23:290][  0]LogMeshReduction: Using SimplygonSwarm for distributed automatic mesh merging
[2018.03.13-13.56.23:290][  0]LogMeshReduction: Using QuadricMeshReduction for automatic static mesh reduction
[2018.03.13-13.56.23:290][  0]LogMeshReduction: No automatic skeletal mesh reduction module available
[2018.03.13-13.56.23:290][  0]LogMeshReduction: No automatic mesh merging module available
[2018.03.13-13.56.23:290][  0]LogMeshMerging: No automatic mesh merging module available
[2018.03.13-13.56.23:293][  0]LogContentStreaming: Texture pool size is 0.00 MB
[2018.03.13-13.56.24:570][  0]LogNetVersion: Side_Scoller , NetCL: 3573198, EngineNetVer: 2, GameNetVer: 0 (Checksum: 1490082482)
[2018.03.13-13.56.25:054][  0]LogPackageLocalizationCache: Processed 5 localized package path(s) for 1 prioritized culture(s) in 0.065839 seconds
[2018.03.13-13.56.25:069][  0]LogUObjectArray: 35825 objects as part of root set at end of initial load.
[2018.03.13-13.56.25:069][  0]LogUObjectAllocator: 7529104 out of 0 bytes used by permanent object pool.
[2018.03.13-13.56.25:069][  0]LogUObjectArray: CloseDisregardForGC: 0/0 objects in disregard for GC pool
[2018.03.13-13.56.25:217][  0]LogInit: WinSock: version 1.1 (2.2), MaxSocks=32767, MaxUdp=65467
[2018.03.13-13.56.32:220][  0]LogTcpMessaging: Initializing TcpMessaging bridge
[2018.03.13-13.56.32:295][  0]LogUdpMessaging: Initializing bridge on interface 0.0.0.0:0 to multicast group 230.0.0.1:6666.
[2018.03.13-13.56.33:674][  0]LogMaterial: Uniform references updated for custom material expression Custom.
[2018.03.13-13.56.34:601][  0]SourceControl: Source control is disabled
[2018.03.13-13.56.34:601][  0]SourceControl: Source control is disabled
[2018.03.13-13.56.34:700][  0]SourceControl: Source control is disabled
[2018.03.13-13.56.34:793][  0]SourceControl: Source control is disabled
[2018.03.13-13.56.36:176][  0]LogAndroidPermission: UAndroidPermissionCallbackProxy::GetInstance
[2018.03.13-13.56.36:893][  0]LogOcInput: OculusInput pre-init called
[2018.03.13-13.56.37:485][  0]LogEngine: Initializing Engine...
[2018.03.13-13.56.37:490][  0]LogHMD: Failed to initialize OpenVR with code 110
[2018.03.13-13.56.38:107][  0]LogStats: UGameplayTagsManager::ConstructGameplayTagTree: Construct from data asset -  0.000 s
[2018.03.13-13.56.38:107][  0]LogStats: UGameplayTagsManager::ConstructGameplayTagTree: GameplayTagTreeChangedEvent.Broadcast -  0.000 s
[2018.03.13-13.56.38:507][  0]LogAIModule: Creating AISystem for world Untitled
[2018.03.13-13.56.38:610][  0]LogInit: XAudio2 using 'Haut-parleurs (Realtek High Definition Audio)' : 6 channels at 48 kHz using 32 bits per sample (channel mask 0x3f)
[2018.03.13-13.56.38:856][  0]LogInit: FAudioDevice initialized.
[2018.03.13-13.56.39:049][  0]LogDerivedDataCache: Saved boot cache 0.19s 93MB C:/Users/Lug/AppData/Local/UnrealEngine/4.17/DerivedDataCache/Boot.ddc.
[2018.03.13-13.56.39:070][  0]LogInit: Texture streaming: Enabled
[2018.03.13-13.56.39:358][  0]LogEngineSessionManager: EngineSessionManager initialized
[2018.03.13-13.56.39:932][  0]LogInit: Transaction tracking system initialized
[2018.03.13-13.56.40:538][  0]BlueprintLog: New page: Editor Load
[2018.03.13-13.56.42:568][  0]LocalizationService: Localization service is disabled
[2018.03.13-13.56.43:754][  0]LogLinker: Warning: Can't find file '/Game/ThirdPersonBP/ThirdPersonOverview'
[2018.03.13-13.56.43:755][  0]LogLinker: Warning: Can't find file '/Game/ThirdPersonBP/ThirdPersonOverview'
[2018.03.13-13.56.43:755][  0]LogUObjectGlobals: Warning: Failed to find object 'Class /Game/ThirdPersonBP/ThirdPersonOverview.ThirdPersonOverview_C'
[2018.03.13-13.56.44:123][  0]LogConsoleResponse: Display: 
[2018.03.13-13.56.44:542][  0]LogCook: Display: Max memory allowance for cook 16384mb min free memory 0mb
[2018.03.13-13.56.44:542][  0]LogCook: Display: Mobile HDR setting 1
[2018.03.13-13.56.44:543][  0]LogGameplayTags: Display: UGameplayTagsManager::DoneAddingNativeTags. DelegateIsBound: 0
[2018.03.13-13.56.44:902][  0]LogFileCache: Scanning file cache for directory 'C:/Users/Lug/Documents/Unreal Projects/Kter/Side_Scoller/Content/' took 0.02s
[2018.03.13-13.56.47:243][  0]SourceControl: Source control is disabled
[2018.03.13-13.56.47:243][  0]Cmd: MAP LOAD FILE="C:/Users/Lug/Documents/Unreal Projects/Kter/Side_Scoller/Content/2DSideScrollerBP/Maps/2DSideScrollerExampleMap.umap" TEMPLATE=0 SHOWPROGRESS=1 FEATURELEVEL=3
[2018.03.13-13.56.47:245][  0]LightingResults: New page: Lighting Build
[2018.03.13-13.56.47:354][  0]MapCheck: New page: Map Check
[2018.03.13-13.56.47:354][  0]LightingResults: New page: Lighting Build
[2018.03.13-13.56.47:967][  0]LogAIModule: Creating AISystem for world 2DSideScrollerExampleMap
[2018.03.13-13.56.47:981][  0]LogEditorServer: Finished looking for orphan Actors (0.000 secs)
[2018.03.13-13.56.48:030][  0]Cmd: MAP CHECKDEP NOCLEARLOG
[2018.03.13-13.56.48:189][  0]MapCheck: Map check complete: 0 Error(s), 0 Warning(s), took 158.97ms to complete.
[2018.03.13-13.56.48:189][  0]LogFileHelpers: Loading map '2DSideScrollerExampleMap' took 0.946
[2018.03.13-13.56.48:531][  0]LogCollectionManager: Loaded 0 collections in 0.003341 seconds
[2018.03.13-13.56.48:675][  0]LogFileCache: Scanning file cache for directory 'C:/Users/Lug/Documents/Unreal Projects/Kter/Side_Scoller/Saved/Collections/' took 0.01s
[2018.03.13-13.56.48:675][  0]LogFileCache: Scanning file cache for directory 'C:/Users/Lug/Documents/Unreal Projects/Kter/Side_Scoller/Content/Developers/Lug/Collections/' took 0.01s
[2018.03.13-13.56.48:675][  0]LogFileCache: Scanning file cache for directory 'C:/Users/Lug/Documents/Unreal Projects/Kter/Side_Scoller/Content/Collections/' took 0.01s
[2018.03.13-13.56.48:676][  0]LogCollectionManager: Rebuilt the GUID cache for 0 collections in 0.000001 seconds
[2018.03.13-13.56.48:702][  0]LogContentBrowser: Native class hierarchy populated in 0.0260 seconds. Added 2386 classes and 500 folders.
[2018.03.13-13.56.48:874][  0]LogContentBrowser: Native class hierarchy updated for 'WidgetCarousel' in 0.0025 seconds. Added 0 classes and 0 folders.
[2018.03.13-13.56.49:168][  0]LogContentBrowser: Native class hierarchy updated for 'AddContentDialog' in 0.0024 seconds. Added 0 classes and 0 folders.
[2018.03.13-13.56.49:266][  0]LogContentBrowser: Native class hierarchy updated for 'WorldBrowser' in 0.0016 seconds. Added 2 classes and 3 folders.
[2018.03.13-13.56.49:359][  0]LogContentBrowser: Native class hierarchy updated for 'SceneOutliner' in 0.0016 seconds. Added 1 classes and 2 folders.
[2018.03.13-13.56.49:516][  0]LogSlate: Took 0.000706 seconds to synchronously load lazily loaded font '../../../Engine/Content/Slate/Fonts/Roboto-Regular.ttf' (155K)
[2018.03.13-13.56.49:524][  0]LogSlate: Took 0.000579 seconds to synchronously load lazily loaded font '../../../Engine/Content/Slate/Fonts/Roboto-Bold.ttf' (160K)
[2018.03.13-13.56.49:541][  0]LogSlate: Took 0.000532 seconds to synchronously load lazily loaded font '../../../Engine/Content/Editor/Slate/Fonts/FontAwesome.ttf' (139K)
[2018.03.13-13.56.49:901][  0]LogRenderer: Reallocating scene render targets to support 1208x592 Format 10 NumSamples 1 (Frame:1).
[2018.03.13-13.56.50:328][  0]LogContentBrowser: Native class hierarchy updated for 'HierarchicalLODOutliner' in 0.0020 seconds. Added 1 classes and 2 folders.
[2018.03.13-13.56.50:329][  0]LogLoad: (Engine Initialization) Total time: 43.80 seconds
[2018.03.13-13.56.50:329][  0]LogLoad: (Engine Initialization) Total Blueprint compile time: 0.00 seconds
[2018.03.13-13.56.50:329][  0]LogExternalProfiler: No external profilers were discovered.  External profiling features will not be available.
[2018.03.13-13.56.50:710][  0]LogContentStreaming: Texture pool size now 1000 MB
[2018.03.13-13.56.50:843][  0]LogSlate: Took 0.000456 seconds to synchronously load lazily loaded font '../../../Engine/Content/Slate/Fonts/Roboto-Light.ttf' (159K)
[2018.03.13-13.56.51:694][  3]LogAssetRegistry: Asset discovery search completed in 29.8005 seconds
[2018.03.13-13.56.51:705][  3]LogCollectionManager: Rebuilt the object cache for 0 collections in 0.000001 seconds (found 0 objects)
[2018.03.13-13.56.51:705][  3]LogCollectionManager: Fixed up redirectors for 0 collections in 0.000238 seconds (updated 0 objects)
[2018.03.13-14.02.31:532][314]LogTemp: Repeating last play command: Selected Viewport
[2018.03.13-14.02.31:755][314]LogBlueprintUserMessages: Early PlayInEditor Detection: Level '/Game/2DSideScrollerBP/Maps/2DSideScrollerExampleMap.2DSideScrollerExampleMap:PersistentLevel' has LevelScriptBlueprint '/Game/2DSideScrollerBP/Maps/2DSideScrollerExampleMap.2DSideScrollerExampleMap:PersistentLevel.2DSideScrollerExampleMap' with GeneratedClass '/Game/2DSideScrollerBP/Maps/2DSideScrollerExampleMap.2DSideScrollerExampleMap_C' with ClassGeneratedBy '/Game/2DSideScrollerBP/Maps/2DSideScrollerExampleMap.2DSideScrollerExampleMap:PersistentLevel.2DSideScrollerExampleMap'
[2018.03.13-14.02.31:755][314]LogPlayLevel: PlayLevel: No blueprints needed recompiling
[2018.03.13-14.02.31:757][314]PIE: New page: PIE session: 2DSideScrollerExampleMap (Mar 13, 2018, 4:02:31 PM)
[2018.03.13-14.02.31:757][314]LogPlayLevel: Creating play world package: /Game/2DSideScrollerBP/Maps/UEDPIE_0_2DSideScrollerExampleMap
[2018.03.13-14.02.31:763][314]LogPlayLevel: PIE: StaticDuplicateObject took: (0.005959s)
[2018.03.13-14.02.31:765][314]LogAIModule: Creating AISystem for world 2DSideScrollerExampleMap
[2018.03.13-14.02.31:766][314]LogPlayLevel: PIE: World Init took: (0.002192s)
[2018.03.13-14.02.31:766][314]LogPlayLevel: PIE: Created PIE world by copying editor world from /Game/2DSideScrollerBP/Maps/2DSideScrollerExampleMap.2DSideScrollerExampleMap to /Game/2DSideScrollerBP/Maps/UEDPIE_0_2DSideScrollerExampleMap.2DSideScrollerExampleMap (0.008885s)
[2018.03.13-14.02.31:932][314]LogInit: XAudio2 using 'HeadPhone/Digital Output (Realtek High Definition Audio)' : 6 channels at 48 kHz using 32 bits per sample (channel mask 0x3f)
[2018.03.13-14.02.32:210][314]LogInit: FAudioDevice initialized.
[2018.03.13-14.02.32:265][314]LogLoad: Game class is '2DSideScrollerGameMode_C'
[2018.03.13-14.02.32:272][314]LogWorld: Bringing World /Game/2DSideScrollerBP/Maps/UEDPIE_0_2DSideScrollerExampleMap.2DSideScrollerExampleMap up for play (max tick rate 60) at 2018.03.13-15.02.32
[2018.03.13-14.02.32:273][314]LogWorld: Bringing up level for play took: 0.004799
[2018.03.13-14.02.32:746][314]LogContentBrowser: Native class hierarchy updated for 'MovieSceneCapture' in 0.0016 seconds. Added 11 classes and 0 folders.
[2018.03.13-14.02.32:760][314]PIE: Play in editor start time for /Game/2DSideScrollerBP/Maps/UEDPIE_0_2DSideScrollerExampleMap 0.576
[2018.03.13-14.02.32:760][314]LogBlueprintUserMessages: Late PlayInEditor Detection: Level '/Game/2DSideScrollerBP/Maps/2DSideScrollerExampleMap.2DSideScrollerExampleMap:PersistentLevel' has LevelScriptBlueprint '/Game/2DSideScrollerBP/Maps/2DSideScrollerExampleMap.2DSideScrollerExampleMap:PersistentLevel.2DSideScrollerExampleMap' with GeneratedClass '/Game/2DSideScrollerBP/Maps/2DSideScrollerExampleMap.2DSideScrollerExampleMap_C' with ClassGeneratedBy '/Game/2DSideScrollerBP/Maps/2DSideScrollerExampleMap.2DSideScrollerExampleMap:PersistentLevel.2DSideScrollerExampleMap'
[2018.03.13-14.03.06:052][313]LogBlueprintUserMessages: Early EndPlayMap Detection: Level '/Game/2DSideScrollerBP/Maps/2DSideScrollerExampleMap.2DSideScrollerExampleMap:PersistentLevel' has LevelScriptBlueprint '/Game/2DSideScrollerBP/Maps/2DSideScrollerExampleMap.2DSideScrollerExampleMap:PersistentLevel.2DSideScrollerExampleMap' with GeneratedClass '/Game/2DSideScrollerBP/Maps/2DSideScrollerExampleMap.2DSideScrollerExampleMap_C' with ClassGeneratedBy '/Game/2DSideScrollerBP/Maps/2DSideScrollerExampleMap.2DSideScrollerExampleMap:PersistentLevel.2DSideScrollerExampleMap'
[2018.03.13-14.03.06:120][313]LogBlueprintUserMessages: Late EndPlayMap Detection: Level '/Game/2DSideScrollerBP/Maps/2DSideScrollerExampleMap.2DSideScrollerExampleMap:PersistentLevel' has LevelScriptBlueprint '/Game/2DSideScrollerBP/Maps/2DSideScrollerExampleMap.2DSideScrollerExampleMap:PersistentLevel.2DSideScrollerExampleMap' with GeneratedClass '/Game/2DSideScrollerBP/Maps/2DSideScrollerExampleMap.2DSideScrollerExampleMap_C' with ClassGeneratedBy '/Game/2DSideScrollerBP/Maps/2DSideScrollerExampleMap.2DSideScrollerExampleMap:PersistentLevel.2DSideScrollerExampleMap'
[2018.03.13-14.04.18:803][362]LogSlate: Took 0.000429 seconds to synchronously load lazily loaded font '../../../Engine/Content/Slate/Fonts/Roboto-Light.ttf' (159K)
[2018.03.13-14.05.44:033][608]LogEditorViewport: Clicking on Actor (LMB): 2DSideScrollerCharacter_C (2DSideScrollerCharacter)
[2018.03.13-14.05.49:540][682]LogSlate: Took 0.000461 seconds to synchronously load lazily loaded font '../../../Engine/Content/Slate/Fonts/Roboto-Regular.ttf' (155K)
[2018.03.13-14.05.49:775][682]LogContentBrowser: Native class hierarchy updated for 'BlueprintGraph' in 0.0021 seconds. Added 113 classes and 0 folders.
[2018.03.13-14.05.51:579][682]LogSlate: Took 0.000749 seconds to synchronously load lazily loaded font '../../../Engine/Content/Editor/Slate/Fonts/Roboto-BoldCondensed.ttf' (158K)
[2018.03.13-14.05.51:935][683]LogSlate: Took 0.000504 seconds to synchronously load lazily loaded font '../../../Engine/Content/Editor/Slate/Fonts/Roboto-Italic.ttf' (157K)
[2018.03.13-14.06.23:450][175]LogEditorTransaction: Undo Move Node
[2018.03.13-14.06.23:526][175]LogSlate: Took 0.000454 seconds to synchronously load lazily loaded font '../../../Engine/Content/Slate/Fonts/Roboto-Light.ttf' (159K)
[2018.03.13-14.08.01:031][135]LogTemp: Repeating last play command: Selected Viewport
[2018.03.13-14.08.01:065][135]LogBlueprintUserMessages: Early PlayInEditor Detection: Level '/Game/2DSideScrollerBP/Maps/2DSideScrollerExampleMap.2DSideScrollerExampleMap:PersistentLevel' has LevelScriptBlueprint '/Game/2DSideScrollerBP/Maps/2DSideScrollerExampleMap.2DSideScrollerExampleMap:PersistentLevel.2DSideScrollerExampleMap' with GeneratedClass '/Game/2DSideScrollerBP/Maps/2DSideScrollerExampleMap.2DSideScrollerExampleMap_C' with ClassGeneratedBy '/Game/2DSideScrollerBP/Maps/2DSideScrollerExampleMap.2DSideScrollerExampleMap:PersistentLevel.2DSideScrollerExampleMap'
[2018.03.13-14.08.01:065][135]BlueprintLog: New page: Pre-Play auto-recompile
[2018.03.13-14.08.01:100][135]LogPlayLevel: [PlayLevel] Compiling 2DSideScrollerCharacter before play...
[2018.03.13-14.08.02:283][135]LogPlayLevel: PlayLevel: Blueprint regeneration took 1218 ms (1 blueprints)
[2018.03.13-14.08.02:283][135]PIE: New page: PIE session: 2DSideScrollerExampleMap (Mar 13, 2018, 4:08:02 PM)
[2018.03.13-14.08.02:284][135]LogPlayLevel: Creating play world package: /Game/2DSideScrollerBP/Maps/UEDPIE_0_2DSideScrollerExampleMap
[2018.03.13-14.08.02:290][135]LogPlayLevel: PIE: StaticDuplicateObject took: (0.005793s)
[2018.03.13-14.08.02:291][135]LogAIModule: Creating AISystem for world 2DSideScrollerExampleMap
[2018.03.13-14.08.02:291][135]LogPlayLevel: PIE: World Init took: (0.001417s)
[2018.03.13-14.08.02:291][135]LogPlayLevel: PIE: Created PIE world by copying editor world from /Game/2DSideScrollerBP/Maps/2DSideScrollerExampleMap.2DSideScrollerExampleMap to /Game/2DSideScrollerBP/Maps/UEDPIE_0_2DSideScrollerExampleMap.2DSideScrollerExampleMap (0.007652s)
[2018.03.13-14.08.02:489][135]LogInit: XAudio2 using 'HeadPhone/Digital Output (Realtek High Definition Audio)' : 6 channels at 48 kHz using 32 bits per sample (channel mask 0x3f)
[2018.03.13-14.08.02:749][135]LogInit: FAudioDevice initialized.
[2018.03.13-14.08.02:791][135]LogLoad: Game class is '2DSideScrollerGameMode_C'
[2018.03.13-14.08.02:795][135]LogWorld: Bringing World /Game/2DSideScrollerBP/Maps/UEDPIE_0_2DSideScrollerExampleMap.2DSideScrollerExampleMap up for play (max tick rate 60) at 2018.03.13-15.08.02
[2018.03.13-14.08.02:796][135]LogWorld: Bringing up level for play took: 0.003243
[2018.03.13-14.08.02:798][135]PIE: Play in editor start time for /Game/2DSideScrollerBP/Maps/UEDPIE_0_2DSideScrollerExampleMap 2.615
[2018.03.13-14.08.02:799][135]LogBlueprintUserMessages: Late PlayInEditor Detection: Level '/Game/2DSideScrollerBP/Maps/2DSideScrollerExampleMap.2DSideScrollerExampleMap:PersistentLevel' has LevelScriptBlueprint '/Game/2DSideScrollerBP/Maps/2DSideScrollerExampleMap.2DSideScrollerExampleMap:PersistentLevel.2DSideScrollerExampleMap' with GeneratedClass '/Game/2DSideScrollerBP/Maps/2DSideScrollerExampleMap.2DSideScrollerExampleMap_C' with ClassGeneratedBy '/Game/2DSideScrollerBP/Maps/2DSideScrollerExampleMap.2DSideScrollerExampleMap:PersistentLevel.2DSideScrollerExampleMap'
[2018.03.13-14.08.05:218][209]LogBlueprintUserMessages: Early EndPlayMap Detection: Level '/Game/2DSideScrollerBP/Maps/2DSideScrollerExampleMap.2DSideScrollerExampleMap:PersistentLevel' has LevelScriptBlueprint '/Game/2DSideScrollerBP/Maps/2DSideScrollerExampleMap.2DSideScrollerExampleMap:PersistentLevel.2DSideScrollerExampleMap' with GeneratedClass '/Game/2DSideScrollerBP/Maps/2DSideScrollerExampleMap.2DSideScrollerExampleMap_C' with ClassGeneratedBy '/Game/2DSideScrollerBP/Maps/2DSideScrollerExampleMap.2DSideScrollerExampleMap:PersistentLevel.2DSideScrollerExampleMap'
[2018.03.13-14.08.05:374][209]LogBlueprintUserMessages: Late EndPlayMap Detection: Level '/Game/2DSideScrollerBP/Maps/2DSideScrollerExampleMap.2DSideScrollerExampleMap:PersistentLevel' has LevelScriptBlueprint '/Game/2DSideScrollerBP/Maps/2DSideScrollerExampleMap.2DSideScrollerExampleMap:PersistentLevel.2DSideScrollerExampleMap' with GeneratedClass '/Game/2DSideScrollerBP/Maps/2DSideScrollerExampleMap.2DSideScrollerExampleMap_C' with ClassGeneratedBy '/Game/2DSideScrollerBP/Maps/2DSideScrollerExampleMap.2DSideScrollerExampleMap:PersistentLevel.2DSideScrollerExampleMap'
[2018.03.13-14.20.04:171][315]LogSavePackage: Save=125.54ms
[2018.03.13-14.20.04:172][315]LogSavePackage: Moving 'C:/Users/Lug/Documents/Unreal Projects/Kter/Side_Scoller/Saved/2DSideScrollerExampleMap_Auto146B9F3F74FD89C0B75A15B9AA514BF49.tmp' to 'C:/Users/Lug/Documents/Unreal Projects/Kter/Side_Scoller/Saved/Autosaves/Game/2DSideScrollerBP/Maps/2DSideScrollerExampleMap_Auto1.umap'
[2018.03.13-14.20.04:174][315]LogSavePackage: Display: Finished SavePackage C:/Users/Lug/Documents/Unreal Projects/Kter/Side_Scoller/Saved/Autosaves/Game/2DSideScrollerBP/Maps/2DSideScrollerExampleMap_Auto1.umap
[2018.03.13-14.20.04:185][315]LogFileHelpers: Editor autosave (incl. sublevels) for '/Game/2DSideScrollerBP/Maps/2DSideScrollerExampleMap' took 0.192
[2018.03.13-14.20.04:185][315]LogFileHelpers: Editor autosave (incl. sublevels) for all levels took 0.192
[2018.03.13-14.20.04:192][315]OBJ SavePackage: Generating thumbnails for [0] asset(s) in package [/Game/2DSideScrollerBP/Blueprints/2DSideScrollerCharacter] ([1] browsable assets)...
[2018.03.13-14.20.04:192][315]OBJ SavePackage: Finished generating thumbnails for package [/Game/2DSideScrollerBP/Blueprints/2DSideScrollerCharacter]
[2018.03.13-14.20.04:383][315]LogSavePackage: Save=182.04ms
[2018.03.13-14.20.04:384][315]LogSavePackage: Moving 'C:/Users/Lug/Documents/Unreal Projects/Kter/Side_Scoller/Saved/2DSideScrollerCharacter_Auto178F4C7F049AF471515C6D8A1944730C4.tmp' to 'C:/Users/Lug/Documents/Unreal Projects/Kter/Side_Scoller/Saved/Autosaves/Game/2DSideScrollerBP/Blueprints/2DSideScrollerCharacter_Auto1.uasset'
[2018.03.13-14.20.04:389][315]LogSavePackage: Display: Finished SavePackage C:/Users/Lug/Documents/Unreal Projects/Kter/Side_Scoller/Saved/Autosaves/Game/2DSideScrollerBP/Blueprints/2DSideScrollerCharacter_Auto1.uasset
[2018.03.13-14.20.04:390][315]OBJ SavePackage: Generating thumbnails for [0] asset(s) in package [/Game/2DSideScrollerBP/Enum_PlayerState] ([1] browsable assets)...
[2018.03.13-14.20.04:391][315]OBJ SavePackage: Finished generating thumbnails for package [/Game/2DSideScrollerBP/Enum_PlayerState]
[2018.03.13-14.20.04:399][315]LogSavePackage: Save=5.38ms
[2018.03.13-14.20.04:399][315]LogSavePackage: Moving 'C:/Users/Lug/Documents/Unreal Projects/Kter/Side_Scoller/Saved/Enum_PlayerState_Auto16494F7BD42AF5A4D33ABE0A4ED1D7C39.tmp' to 'C:/Users/Lug/Documents/Unreal Projects/Kter/Side_Scoller/Saved/Autosaves/Game/2DSideScrollerBP/Enum_PlayerState_Auto1.uasset'
[2018.03.13-14.20.04:402][315]LogSavePackage: Display: Finished SavePackage C:/Users/Lug/Documents/Unreal Projects/Kter/Side_Scoller/Saved/Autosaves/Game/2DSideScrollerBP/Enum_PlayerState_Auto1.uasset
[2018.03.13-14.20.04:402][315]LogFileHelpers: Auto-saving content packages took 0.214
[2018.03.13-14.20.15:839][687]BlueprintLog: New page: Compile 2DSideScrollerCharacter
[2018.03.13-14.20.18:321][738]LogTemp: Repeating last play command: Selected Viewport
[2018.03.13-14.20.18:366][738]LogBlueprintUserMessages: Early PlayInEditor Detection: Level '/Game/2DSideScrollerBP/Maps/2DSideScrollerExampleMap.2DSideScrollerExampleMap:PersistentLevel' has LevelScriptBlueprint '/Game/2DSideScrollerBP/Maps/2DSideScrollerExampleMap.2DSideScrollerExampleMap:PersistentLevel.2DSideScrollerExampleMap' with GeneratedClass '/Game/2DSideScrollerBP/Maps/2DSideScrollerExampleMap.2DSideScrollerExampleMap_C' with ClassGeneratedBy '/Game/2DSideScrollerBP/Maps/2DSideScrollerExampleMap.2DSideScrollerExampleMap:PersistentLevel.2DSideScrollerExampleMap'
[2018.03.13-14.20.18:366][738]LogPlayLevel: PlayLevel: No blueprints needed recompiling
[2018.03.13-14.20.18:367][738]PIE: New page: PIE session: 2DSideScrollerExampleMap (Mar 13, 2018, 4:20:18 PM)
[2018.03.13-14.20.18:367][738]LogPlayLevel: Creating play world package: /Game/2DSideScrollerBP/Maps/UEDPIE_0_2DSideScrollerExampleMap
[2018.03.13-14.20.18:371][738]LogPlayLevel: PIE: StaticDuplicateObject took: (0.004475s)
[2018.03.13-14.20.18:372][738]LogAIModule: Creating AISystem for world 2DSideScrollerExampleMap
[2018.03.13-14.20.18:373][738]LogPlayLevel: PIE: World Init took: (0.001415s)
[2018.03.13-14.20.18:373][738]LogPlayLevel: PIE: Created PIE world by copying editor world from /Game/2DSideScrollerBP/Maps/2DSideScrollerExampleMap.2DSideScrollerExampleMap to /Game/2DSideScrollerBP/Maps/UEDPIE_0_2DSideScrollerExampleMap.2DSideScrollerExampleMap (0.006287s)
[2018.03.13-14.20.18:578][738]LogInit: XAudio2 using 'HeadPhone/Digital Output (Realtek High Definition Audio)' : 6 channels at 48 kHz using 32 bits per sample (channel mask 0x3f)
[2018.03.13-14.20.18:827][738]LogInit: FAudioDevice initialized.
[2018.03.13-14.20.18:873][738]LogLoad: Game class is '2DSideScrollerGameMode_C'
[2018.03.13-14.20.18:877][738]LogWorld: Bringing World /Game/2DSideScrollerBP/Maps/UEDPIE_0_2DSideScrollerExampleMap.2DSideScrollerExampleMap up for play (max tick rate 60) at 2018.03.13-15.20.18
[2018.03.13-14.20.18:878][738]LogWorld: Bringing up level for play took: 0.003357
[2018.03.13-14.20.18:880][738]PIE: Play in editor start time for /Game/2DSideScrollerBP/Maps/UEDPIE_0_2DSideScrollerExampleMap 0.697
[2018.03.13-14.20.18:880][738]LogBlueprintUserMessages: Late PlayInEditor Detection: Level '/Game/2DSideScrollerBP/Maps/2DSideScrollerExampleMap.2DSideScrollerExampleMap:PersistentLevel' has LevelScriptBlueprint '/Game/2DSideScrollerBP/Maps/2DSideScrollerExampleMap.2DSideScrollerExampleMap:PersistentLevel.2DSideScrollerExampleMap' with GeneratedClass '/Game/2DSideScrollerBP/Maps/2DSideScrollerExampleMap.2DSideScrollerExampleMap_C' with ClassGeneratedBy '/Game/2DSideScrollerBP/Maps/2DSideScrollerExampleMap.2DSideScrollerExampleMap:PersistentLevel.2DSideScrollerExampleMap'
[2018.03.13-14.20.19:755][763]LogBlueprintUserMessages: [2DSideScrollerCharacter_254] Hello
[2018.03.13-14.20.20:064][774]LogBlueprintUserMessages: [2DSideScrollerCharacter_254] Hello
[2018.03.13-14.20.20:330][782]LogBlueprintUserMessages: [2DSideScrollerCharacter_254] Hello
[2018.03.13-14.20.20:531][788]LogBlueprintUserMessages: [2DSideScrollerCharacter_254] Hello
[2018.03.13-14.20.20:663][792]LogBlueprintUserMessages: [2DSideScrollerCharacter_254] Hello
[2018.03.13-14.20.23:032][863]LogBlueprintUserMessages: Early EndPlayMap Detection: Level '/Game/2DSideScrollerBP/Maps/2DSideScrollerExampleMap.2DSideScrollerExampleMap:PersistentLevel' has LevelScriptBlueprint '/Game/2DSideScrollerBP/Maps/2DSideScrollerExampleMap.2DSideScrollerExampleMap:PersistentLevel.2DSideScrollerExampleMap' with GeneratedClass '/Game/2DSideScrollerBP/Maps/2DSideScrollerExampleMap.2DSideScrollerExampleMap_C' with ClassGeneratedBy '/Game/2DSideScrollerBP/Maps/2DSideScrollerExampleMap.2DSideScrollerExampleMap:PersistentLevel.2DSideScrollerExampleMap'
[2018.03.13-14.20.23:189][863]LogBlueprintUserMessages: Late EndPlayMap Detection: Level '/Game/2DSideScrollerBP/Maps/2DSideScrollerExampleMap.2DSideScrollerExampleMap:PersistentLevel' has LevelScriptBlueprint '/Game/2DSideScrollerBP/Maps/2DSideScrollerExampleMap.2DSideScrollerExampleMap:PersistentLevel.2DSideScrollerExampleMap' with GeneratedClass '/Game/2DSideScrollerBP/Maps/2DSideScrollerExampleMap.2DSideScrollerExampleMap_C' with ClassGeneratedBy '/Game/2DSideScrollerBP/Maps/2DSideScrollerExampleMap.2DSideScrollerExampleMap:PersistentLevel.2DSideScrollerExampleMap'
[2018.03.13-14.22.05:757][644]LogSlate: Took 0.001359 seconds to synchronously load lazily loaded font '../../../Engine/Content/Editor/Slate/Fonts/Roboto-BoldCondensedItalic.ttf' (160K)
[2018.03.13-14.23.17:289][836]BlueprintLog: New page: Compile 2DSideScrollerCharacter
[2018.03.13-14.23.28:190][220]LogEditorTransaction: Undo Create Pin Link
[2018.03.13-14.23.36:106][567]BlueprintLog: New page: Compile 2DSideScrollerCharacter
[2018.03.13-14.23.44:872][738]LogTemp: Repeating last play command: Selected Viewport
[2018.03.13-14.23.44:919][738]LogBlueprintUserMessages: Early PlayInEditor Detection: Level '/Game/2DSideScrollerBP/Maps/2DSideScrollerExampleMap.2DSideScrollerExampleMap:PersistentLevel' has LevelScriptBlueprint '/Game/2DSideScrollerBP/Maps/2DSideScrollerExampleMap.2DSideScrollerExampleMap:PersistentLevel.2DSideScrollerExampleMap' with GeneratedClass '/Game/2DSideScrollerBP/Maps/2DSideScrollerExampleMap.2DSideScrollerExampleMap_C' with ClassGeneratedBy '/Game/2DSideScrollerBP/Maps/2DSideScrollerExampleMap.2DSideScrollerExampleMap:PersistentLevel.2DSideScrollerExampleMap'
[2018.03.13-14.23.44:920][738]LogPlayLevel: PlayLevel: No blueprints needed recompiling
[2018.03.13-14.23.44:920][738]PIE: New page: PIE session: 2DSideScrollerExampleMap (Mar 13, 2018, 4:23:44 PM)
[2018.03.13-14.23.44:920][738]LogPlayLevel: Creating play world package: /Game/2DSideScrollerBP/Maps/UEDPIE_0_2DSideScrollerExampleMap
[2018.03.13-14.23.44:926][738]LogPlayLevel: PIE: StaticDuplicateObject took: (0.006200s)
[2018.03.13-14.23.44:928][738]LogAIModule: Creating AISystem for world 2DSideScrollerExampleMap
[2018.03.13-14.23.44:928][738]LogPlayLevel: PIE: World Init took: (0.001852s)
[2018.03.13-14.23.44:929][738]LogPlayLevel: PIE: Created PIE world by copying editor world from /Game/2DSideScrollerBP/Maps/2DSideScrollerExampleMap.2DSideScrollerExampleMap to /Game/2DSideScrollerBP/Maps/UEDPIE_0_2DSideScrollerExampleMap.2DSideScrollerExampleMap (0.008502s)
[2018.03.13-14.23.45:148][738]LogInit: XAudio2 using 'HeadPhone/Digital Output (Realtek High Definition Audio)' : 6 channels at 48 kHz using 32 bits per sample (channel mask 0x3f)
[2018.03.13-14.23.45:425][738]LogInit: FAudioDevice initialized.
[2018.03.13-14.23.45:470][738]LogLoad: Game class is '2DSideScrollerGameMode_C'
[2018.03.13-14.23.45:476][738]LogWorld: Bringing World /Game/2DSideScrollerBP/Maps/UEDPIE_0_2DSideScrollerExampleMap.2DSideScrollerExampleMap up for play (max tick rate 0) at 2018.03.13-15.23.45
[2018.03.13-14.23.45:476][738]LogWorld: Bringing up level for play took: 0.004371
[2018.03.13-14.23.45:479][738]PIE: Play in editor start time for /Game/2DSideScrollerBP/Maps/UEDPIE_0_2DSideScrollerExampleMap 1.296
[2018.03.13-14.23.45:480][738]LogBlueprintUserMessages: Late PlayInEditor Detection: Level '/Game/2DSideScrollerBP/Maps/2DSideScrollerExampleMap.2DSideScrollerExampleMap:PersistentLevel' has LevelScriptBlueprint '/Game/2DSideScrollerBP/Maps/2DSideScrollerExampleMap.2DSideScrollerExampleMap:PersistentLevel.2DSideScrollerExampleMap' with GeneratedClass '/Game/2DSideScrollerBP/Maps/2DSideScrollerExampleMap.2DSideScrollerExampleMap_C' with ClassGeneratedBy '/Game/2DSideScrollerBP/Maps/2DSideScrollerExampleMap.2DSideScrollerExampleMap:PersistentLevel.2DSideScrollerExampleMap'
[2018.03.13-14.23.46:034][756]LogBlueprintUserMessages: [2DSideScrollerCharacter_254] Hello
[2018.03.13-14.23.46:933][783]LogBlueprintUserMessages: [2DSideScrollerCharacter_254] Hello
[2018.03.13-14.23.47:498][800]LogBlueprintUserMessages: [2DSideScrollerCharacter_254] Hello
[2018.03.13-14.23.47:735][807]LogBlueprintUserMessages: [2DSideScrollerCharacter_254] Hello
[2018.03.13-14.23.47:935][813]LogBlueprintUserMessages: [2DSideScrollerCharacter_254] Hello
[2018.03.13-14.23.48:100][818]LogBlueprintUserMessages: [2DSideScrollerCharacter_254] Hello
[2018.03.13-14.23.48:267][823]LogBlueprintUserMessages: [2DSideScrollerCharacter_254] Hello
[2018.03.13-14.23.48:433][828]LogBlueprintUserMessages: [2DSideScrollerCharacter_254] Hello
[2018.03.13-14.23.48:598][833]LogBlueprintUserMessages: [2DSideScrollerCharacter_254] Hello
[2018.03.13-14.23.49:800][869]LogBlueprintUserMessages: Early EndPlayMap Detection: Level '/Game/2DSideScrollerBP/Maps/2DSideScrollerExampleMap.2DSideScrollerExampleMap:PersistentLevel' has LevelScriptBlueprint '/Game/2DSideScrollerBP/Maps/2DSideScrollerExampleMap.2DSideScrollerExampleMap:PersistentLevel.2DSideScrollerExampleMap' with GeneratedClass '/Game/2DSideScrollerBP/Maps/2DSideScrollerExampleMap.2DSideScrollerExampleMap_C' with ClassGeneratedBy '/Game/2DSideScrollerBP/Maps/2DSideScrollerExampleMap.2DSideScrollerExampleMap:PersistentLevel.2DSideScrollerExampleMap'
[2018.03.13-14.23.49:951][869]LogBlueprintUserMessages: Late EndPlayMap Detection: Level '/Game/2DSideScrollerBP/Maps/2DSideScrollerExampleMap.2DSideScrollerExampleMap:PersistentLevel' has LevelScriptBlueprint '/Game/2DSideScrollerBP/Maps/2DSideScrollerExampleMap.2DSideScrollerExampleMap:PersistentLevel.2DSideScrollerExampleMap' with GeneratedClass '/Game/2DSideScrollerBP/Maps/2DSideScrollerExampleMap.2DSideScrollerExampleMap_C' with ClassGeneratedBy '/Game/2DSideScrollerBP/Maps/2DSideScrollerExampleMap.2DSideScrollerExampleMap:PersistentLevel.2DSideScrollerExampleMap'
[2018.03.13-14.24.05:860][372]LogSavePackage: Save=203.83ms
[2018.03.13-14.24.05:860][372]LogSavePackage: Moving 'C:/Users/Lug/Documents/Unreal Projects/Kter/Side_Scoller/Saved/2DSideScrollerCharacterDAA08DE744E5FB7BC9206C9A4FE33506.tmp' to 'C:/Users/Lug/Documents/Unreal Projects/Kter/Side_Scoller/Content/2DSideScrollerBP/Blueprints/2DSideScrollerCharacter.uasset'
[2018.03.13-14.24.05:871][372]LogSavePackage: Display: Finished SavePackage C:/Users/Lug/Documents/Unreal Projects/Kter/Side_Scoller/Content/2DSideScrollerBP/Blueprints/2DSideScrollerCharacter.uasset
[2018.03.13-14.24.09:780][520]BlueprintLog: New page: Compile 2DSideScrollerCharacter
[2018.03.13-14.24.36:196][285]BlueprintLog: New page: Compile 2DSideScrollerCharacter
[2018.03.13-14.24.38:771][355]LogTemp: Repeating last play command: Selected Viewport
[2018.03.13-14.24.38:823][355]LogBlueprintUserMessages: Early PlayInEditor Detection: Level '/Game/2DSideScrollerBP/Maps/2DSideScrollerExampleMap.2DSideScrollerExampleMap:PersistentLevel' has LevelScriptBlueprint '/Game/2DSideScrollerBP/Maps/2DSideScrollerExampleMap.2DSideScrollerExampleMap:PersistentLevel.2DSideScrollerExampleMap' with GeneratedClass '/Game/2DSideScrollerBP/Maps/2DSideScrollerExampleMap.2DSideScrollerExampleMap_C' with ClassGeneratedBy '/Game/2DSideScrollerBP/Maps/2DSideScrollerExampleMap.2DSideScrollerExampleMap:PersistentLevel.2DSideScrollerExampleMap'
[2018.03.13-14.24.38:823][355]LogPlayLevel: PlayLevel: No blueprints needed recompiling
[2018.03.13-14.24.38:823][355]PIE: New page: PIE session: 2DSideScrollerExampleMap (Mar 13, 2018, 4:24:38 PM)
[2018.03.13-14.24.38:823][355]LogPlayLevel: Creating play world package: /Game/2DSideScrollerBP/Maps/UEDPIE_0_2DSideScrollerExampleMap
[2018.03.13-14.24.38:829][355]LogPlayLevel: PIE: StaticDuplicateObject took: (0.005064s)
[2018.03.13-14.24.38:830][355]LogAIModule: Creating AISystem for world 2DSideScrollerExampleMap
[2018.03.13-14.24.38:830][355]LogPlayLevel: PIE: World Init took: (0.001524s)
[2018.03.13-14.24.38:831][355]LogPlayLevel: PIE: Created PIE world by copying editor world from /Game/2DSideScrollerBP/Maps/2DSideScrollerExampleMap.2DSideScrollerExampleMap to /Game/2DSideScrollerBP/Maps/UEDPIE_0_2DSideScrollerExampleMap.2DSideScrollerExampleMap (0.007103s)
[2018.03.13-14.24.39:036][355]LogInit: XAudio2 using 'HeadPhone/Digital Output (Realtek High Definition Audio)' : 6 channels at 48 kHz using 32 bits per sample (channel mask 0x3f)
[2018.03.13-14.24.39:282][355]LogInit: FAudioDevice initialized.
[2018.03.13-14.24.39:324][355]LogLoad: Game class is '2DSideScrollerGameMode_C'
[2018.03.13-14.24.39:328][355]LogWorld: Bringing World /Game/2DSideScrollerBP/Maps/UEDPIE_0_2DSideScrollerExampleMap.2DSideScrollerExampleMap up for play (max tick rate 0) at 2018.03.13-15.24.39
[2018.03.13-14.24.39:328][355]LogWorld: Bringing up level for play took: 0.002967
[2018.03.13-14.24.39:330][355]PIE: Play in editor start time for /Game/2DSideScrollerBP/Maps/UEDPIE_0_2DSideScrollerExampleMap 1.147
[2018.03.13-14.24.39:331][355]LogBlueprintUserMessages: Late PlayInEditor Detection: Level '/Game/2DSideScrollerBP/Maps/2DSideScrollerExampleMap.2DSideScrollerExampleMap:PersistentLevel' has LevelScriptBlueprint '/Game/2DSideScrollerBP/Maps/2DSideScrollerExampleMap.2DSideScrollerExampleMap:PersistentLevel.2DSideScrollerExampleMap' with GeneratedClass '/Game/2DSideScrollerBP/Maps/2DSideScrollerExampleMap.2DSideScrollerExampleMap_C' with ClassGeneratedBy '/Game/2DSideScrollerBP/Maps/2DSideScrollerExampleMap.2DSideScrollerExampleMap:PersistentLevel.2DSideScrollerExampleMap'
[2018.03.13-14.24.39:773][370]LogBlueprintUserMessages: [2DSideScrollerCharacter_254] Hello
[2018.03.13-14.24.40:205][383]LogBlueprintUserMessages: [2DSideScrollerCharacter_254] Hello
[2018.03.13-14.24.40:772][400]LogBlueprintUserMessages: [2DSideScrollerCharacter_254] Hello
[2018.03.13-14.24.41:072][409]LogBlueprintUserMessages: [2DSideScrollerCharacter_254] Hello
[2018.03.13-14.24.41:706][428]LogBlueprintUserMessages: [2DSideScrollerCharacter_254] Hello
[2018.03.13-14.24.42:072][439]LogBlueprintUserMessages: [2DSideScrollerCharacter_254] Hello
[2018.03.13-14.24.42:572][454]LogBlueprintUserMessages: [2DSideScrollerCharacter_254] Hello
[2018.03.13-14.24.42:838][462]LogBlueprintUserMessages: [2DSideScrollerCharacter_254] Hello
[2018.03.13-14.24.45:141][531]LogBlueprintUserMessages: Early EndPlayMap Detection: Level '/Game/2DSideScrollerBP/Maps/2DSideScrollerExampleMap.2DSideScrollerExampleMap:PersistentLevel' has LevelScriptBlueprint '/Game/2DSideScrollerBP/Maps/2DSideScrollerExampleMap.2DSideScrollerExampleMap:PersistentLevel.2DSideScrollerExampleMap' with GeneratedClass '/Game/2DSideScrollerBP/Maps/2DSideScrollerExampleMap.2DSideScrollerExampleMap_C' with ClassGeneratedBy '/Game/2DSideScrollerBP/Maps/2DSideScrollerExampleMap.2DSideScrollerExampleMap:PersistentLevel.2DSideScrollerExampleMap'
[2018.03.13-14.24.45:298][531]LogBlueprintUserMessages: Late EndPlayMap Detection: Level '/Game/2DSideScrollerBP/Maps/2DSideScrollerExampleMap.2DSideScrollerExampleMap:PersistentLevel' has LevelScriptBlueprint '/Game/2DSideScrollerBP/Maps/2DSideScrollerExampleMap.2DSideScrollerExampleMap:PersistentLevel.2DSideScrollerExampleMap' with GeneratedClass '/Game/2DSideScrollerBP/Maps/2DSideScrollerExampleMap.2DSideScrollerExampleMap_C' with ClassGeneratedBy '/Game/2DSideScrollerBP/Maps/2DSideScrollerExampleMap.2DSideScrollerExampleMap:PersistentLevel.2DSideScrollerExampleMap'
[2018.03.13-14.30.13:715][792]BlueprintLog: New page: Compile 2DSideScrollerCharacter
[2018.03.13-14.32.50:155][570]BlueprintLog: New page: Compile 2DSideScrollerCharacter
[2018.03.13-14.32.56:828][780]LogTemp: Repeating last play command: Selected Viewport
[2018.03.13-14.32.56:889][780]LogBlueprintUserMessages: Early PlayInEditor Detection: Level '/Game/2DSideScrollerBP/Maps/2DSideScrollerExampleMap.2DSideScrollerExampleMap:PersistentLevel' has LevelScriptBlueprint '/Game/2DSideScrollerBP/Maps/2DSideScrollerExampleMap.2DSideScrollerExampleMap:PersistentLevel.2DSideScrollerExampleMap' with GeneratedClass '/Game/2DSideScrollerBP/Maps/2DSideScrollerExampleMap.2DSideScrollerExampleMap_C' with ClassGeneratedBy '/Game/2DSideScrollerBP/Maps/2DSideScrollerExampleMap.2DSideScrollerExampleMap:PersistentLevel.2DSideScrollerExampleMap'
[2018.03.13-14.32.56:890][780]LogPlayLevel: PlayLevel: No blueprints needed recompiling
[2018.03.13-14.32.56:890][780]PIE: New page: PIE session: 2DSideScrollerExampleMap (Mar 13, 2018, 4:32:56 PM)
[2018.03.13-14.32.56:890][780]LogPlayLevel: Creating play world package: /Game/2DSideScrollerBP/Maps/UEDPIE_0_2DSideScrollerExampleMap
[2018.03.13-14.32.56:896][780]LogPlayLevel: PIE: StaticDuplicateObject took: (0.005596s)
[2018.03.13-14.32.56:898][780]LogAIModule: Creating AISystem for world 2DSideScrollerExampleMap
[2018.03.13-14.32.56:899][780]LogPlayLevel: PIE: World Init took: (0.002826s)
[2018.03.13-14.32.56:899][780]LogPlayLevel: PIE: Created PIE world by copying editor world from /Game/2DSideScrollerBP/Maps/2DSideScrollerExampleMap.2DSideScrollerExampleMap to /Game/2DSideScrollerBP/Maps/UEDPIE_0_2DSideScrollerExampleMap.2DSideScrollerExampleMap (0.008895s)
[2018.03.13-14.32.57:118][780]LogInit: XAudio2 using 'HeadPhone/Digital Output (Realtek High Definition Audio)' : 6 channels at 48 kHz using 32 bits per sample (channel mask 0x3f)
[2018.03.13-14.32.57:419][780]LogInit: FAudioDevice initialized.
[2018.03.13-14.32.57:463][780]LogLoad: Game class is '2DSideScrollerGameMode_C'
[2018.03.13-14.32.57:469][780]LogWorld: Bringing World /Game/2DSideScrollerBP/Maps/UEDPIE_0_2DSideScrollerExampleMap.2DSideScrollerExampleMap up for play (max tick rate 0) at 2018.03.13-15.32.57
[2018.03.13-14.32.57:469][780]LogWorld: Bringing up level for play took: 0.004532
[2018.03.13-14.32.57:472][780]PIE: Play in editor start time for /Game/2DSideScrollerBP/Maps/UEDPIE_0_2DSideScrollerExampleMap 1.289
[2018.03.13-14.32.57:473][780]LogBlueprintUserMessages: Late PlayInEditor Detection: Level '/Game/2DSideScrollerBP/Maps/2DSideScrollerExampleMap.2DSideScrollerExampleMap:PersistentLevel' has LevelScriptBlueprint '/Game/2DSideScrollerBP/Maps/2DSideScrollerExampleMap.2DSideScrollerExampleMap:PersistentLevel.2DSideScrollerExampleMap' with GeneratedClass '/Game/2DSideScrollerBP/Maps/2DSideScrollerExampleMap.2DSideScrollerExampleMap_C' with ClassGeneratedBy '/Game/2DSideScrollerBP/Maps/2DSideScrollerExampleMap.2DSideScrollerExampleMap:PersistentLevel.2DSideScrollerExampleMap'
[2018.03.13-14.33.04:158][982]LogBlueprintUserMessages: Early EndPlayMap Detection: Level '/Game/2DSideScrollerBP/Maps/2DSideScrollerExampleMap.2DSideScrollerExampleMap:PersistentLevel' has LevelScriptBlueprint '/Game/2DSideScrollerBP/Maps/2DSideScrollerExampleMap.2DSideScrollerExampleMap:PersistentLevel.2DSideScrollerExampleMap' with GeneratedClass '/Game/2DSideScrollerBP/Maps/2DSideScrollerExampleMap.2DSideScrollerExampleMap_C' with ClassGeneratedBy '/Game/2DSideScrollerBP/Maps/2DSideScrollerExampleMap.2DSideScrollerExampleMap:PersistentLevel.2DSideScrollerExampleMap'
[2018.03.13-14.33.04:319][982]LogBlueprintUserMessages: Late EndPlayMap Detection: Level '/Game/2DSideScrollerBP/Maps/2DSideScrollerExampleMap.2DSideScrollerExampleMap:PersistentLevel' has LevelScriptBlueprint '/Game/2DSideScrollerBP/Maps/2DSideScrollerExampleMap.2DSideScrollerExampleMap:PersistentLevel.2DSideScrollerExampleMap' with GeneratedClass '/Game/2DSideScrollerBP/Maps/2DSideScrollerExampleMap.2DSideScrollerExampleMap_C' with ClassGeneratedBy '/Game/2DSideScrollerBP/Maps/2DSideScrollerExampleMap.2DSideScrollerExampleMap:PersistentLevel.2DSideScrollerExampleMap'
[2018.03.13-14.33.44:813][682]LogSavePackage: Save=128.56ms
[2018.03.13-14.33.44:814][682]LogSavePackage: Moving 'C:/Users/Lug/Documents/Unreal Projects/Kter/Side_Scoller/Saved/2DSideScrollerExampleMap_Auto2DE85005145973445021F77B484502454.tmp' to 'C:/Users/Lug/Documents/Unreal Projects/Kter/Side_Scoller/Saved/Autosaves/Game/2DSideScrollerBP/Maps/2DSideScrollerExampleMap_Auto2.umap'
[2018.03.13-14.33.44:820][682]LogSavePackage: Display: Finished SavePackage C:/Users/Lug/Documents/Unreal Projects/Kter/Side_Scoller/Saved/Autosaves/Game/2DSideScrollerBP/Maps/2DSideScrollerExampleMap_Auto2.umap
[2018.03.13-14.33.44:825][682]LogFileHelpers: Editor autosave (incl. sublevels) for '/Game/2DSideScrollerBP/Maps/2DSideScrollerExampleMap' took 0.211
[2018.03.13-14.33.44:825][682]LogFileHelpers: Editor autosave (incl. sublevels) for all levels took 0.211
[2018.03.13-14.33.44:840][682]OBJ SavePackage: Generating thumbnails for [0] asset(s) in package [/Game/2DSideScrollerBP/Blueprints/2DSideScrollerCharacter] ([1] browsable assets)...
[2018.03.13-14.33.44:840][682]OBJ SavePackage: Finished generating thumbnails for package [/Game/2DSideScrollerBP/Blueprints/2DSideScrollerCharacter]
[2018.03.13-14.33.45:114][682]LogSavePackage: Save=259.74ms
[2018.03.13-14.33.45:114][682]LogSavePackage: Moving 'C:/Users/Lug/Documents/Unreal Projects/Kter/Side_Scoller/Saved/2DSideScrollerCharacter_Auto299D5AF9A4A870BA018A876A262FF4FC2.tmp' to 'C:/Users/Lug/Documents/Unreal Projects/Kter/Side_Scoller/Saved/Autosaves/Game/2DSideScrollerBP/Blueprints/2DSideScrollerCharacter_Auto2.uasset'
[2018.03.13-14.33.45:118][682]LogSavePackage: Display: Finished SavePackage C:/Users/Lug/Documents/Unreal Projects/Kter/Side_Scoller/Saved/Autosaves/Game/2DSideScrollerBP/Blueprints/2DSideScrollerCharacter_Auto2.uasset
[2018.03.13-14.33.45:118][682]LogFileHelpers: Auto-saving content packages took 0.280
[2018.03.13-14.37.39:114][807]BlueprintLog: New page: Compile 2DSideScrollerCharacter
[2018.03.13-14.38.50:105][421]BlueprintLog: New page: Compile 2DSideScrollerCharacter
[2018.03.13-14.39.20:029][ 46]LogTemp: Repeating last play command: Selected Viewport
[2018.03.13-14.39.20:085][ 46]LogBlueprintUserMessages: Early PlayInEditor Detection: Level '/Game/2DSideScrollerBP/Maps/2DSideScrollerExampleMap.2DSideScrollerExampleMap:PersistentLevel' has LevelScriptBlueprint '/Game/2DSideScrollerBP/Maps/2DSideScrollerExampleMap.2DSideScrollerExampleMap:PersistentLevel.2DSideScrollerExampleMap' with GeneratedClass '/Game/2DSideScrollerBP/Maps/2DSideScrollerExampleMap.2DSideScrollerExampleMap_C' with ClassGeneratedBy '/Game/2DSideScrollerBP/Maps/2DSideScrollerExampleMap.2DSideScrollerExampleMap:PersistentLevel.2DSideScrollerExampleMap'
[2018.03.13-14.39.20:086][ 46]LogPlayLevel: PlayLevel: No blueprints needed recompiling
[2018.03.13-14.39.20:086][ 46]PIE: New page: PIE session: 2DSideScrollerExampleMap (Mar 13, 2018, 4:39:20 PM)
[2018.03.13-14.39.20:086][ 46]LogPlayLevel: Creating play world package: /Game/2DSideScrollerBP/Maps/UEDPIE_0_2DSideScrollerExampleMap
[2018.03.13-14.39.20:092][ 46]LogPlayLevel: PIE: StaticDuplicateObject took: (0.005721s)
[2018.03.13-14.39.20:093][ 46]LogAIModule: Creating AISystem for world 2DSideScrollerExampleMap
[2018.03.13-14.39.20:093][ 46]LogPlayLevel: PIE: World Init took: (0.001499s)
[2018.03.13-14.39.20:094][ 46]LogPlayLevel: PIE: Created PIE world by copying editor world from /Game/2DSideScrollerBP/Maps/2DSideScrollerExampleMap.2DSideScrollerExampleMap to /Game/2DSideScrollerBP/Maps/UEDPIE_0_2DSideScrollerExampleMap.2DSideScrollerExampleMap (0.007765s)
[2018.03.13-14.39.20:310][ 46]LogInit: XAudio2 using 'HeadPhone/Digital Output (Realtek High Definition Audio)' : 6 channels at 48 kHz using 32 bits per sample (channel mask 0x3f)
[2018.03.13-14.39.20:586][ 46]LogInit: FAudioDevice initialized.
[2018.03.13-14.39.20:631][ 46]LogLoad: Game class is '2DSideScrollerGameMode_C'
[2018.03.13-14.39.20:635][ 46]LogWorld: Bringing World /Game/2DSideScrollerBP/Maps/UEDPIE_0_2DSideScrollerExampleMap.2DSideScrollerExampleMap up for play (max tick rate 0) at 2018.03.13-15.39.20
[2018.03.13-14.39.20:636][ 46]LogWorld: Bringing up level for play took: 0.003734
[2018.03.13-14.39.20:639][ 46]PIE: Play in editor start time for /Game/2DSideScrollerBP/Maps/UEDPIE_0_2DSideScrollerExampleMap 0.456
[2018.03.13-14.39.20:640][ 46]LogBlueprintUserMessages: Late PlayInEditor Detection: Level '/Game/2DSideScrollerBP/Maps/2DSideScrollerExampleMap.2DSideScrollerExampleMap:PersistentLevel' has LevelScriptBlueprint '/Game/2DSideScrollerBP/Maps/2DSideScrollerExampleMap.2DSideScrollerExampleMap:PersistentLevel.2DSideScrollerExampleMap' with GeneratedClass '/Game/2DSideScrollerBP/Maps/2DSideScrollerExampleMap.2DSideScrollerExampleMap_C' with ClassGeneratedBy '/Game/2DSideScrollerBP/Maps/2DSideScrollerExampleMap.2DSideScrollerExampleMap:PersistentLevel.2DSideScrollerExampleMap'
[2018.03.13-14.39.21:395][ 60]LogBlueprintUserMessages: [2DSideScrollerCharacter_254] Hello
[2018.03.13-14.39.21:429][ 61]LogBlueprintUserMessages: [2DSideScrollerCharacter_254] Hello
[2018.03.13-14.39.21:462][ 62]LogBlueprintUserMessages: [2DSideScrollerCharacter_254] Hello
[2018.03.13-14.39.21:495][ 63]LogBlueprintUserMessages: [2DSideScrollerCharacter_254] Hello
[2018.03.13-14.39.21:528][ 64]LogBlueprintUserMessages: [2DSideScrollerCharacter_254] Hello
[2018.03.13-14.39.21:561][ 65]LogBlueprintUserMessages: [2DSideScrollerCharacter_254] Hello
[2018.03.13-14.39.21:595][ 66]LogBlueprintUserMessages: [2DSideScrollerCharacter_254] Hello
[2018.03.13-14.39.21:628][ 67]LogBlueprintUserMessages: [2DSideScrollerCharacter_254] Hello
[2018.03.13-14.39.21:661][ 68]LogBlueprintUserMessages: [2DSideScrollerCharacter_254] Hello
[2018.03.13-14.39.21:695][ 69]LogBlueprintUserMessages: [2DSideScrollerCharacter_254] Hello
[2018.03.13-14.39.21:730][ 70]LogBlueprintUserMessages: [2DSideScrollerCharacter_254] Hello
[2018.03.13-14.39.21:764][ 71]LogBlueprintUserMessages: [2DSideScrollerCharacter_254] Hello
[2018.03.13-14.39.21:796][ 72]LogBlueprintUserMessages: [2DSideScrollerCharacter_254] Hello
[2018.03.13-14.39.21:829][ 73]LogBlueprintUserMessages: [2DSideScrollerCharacter_254] Hello
[2018.03.13-14.39.21:863][ 74]LogBlueprintUserMessages: [2DSideScrollerCharacter_254] Hello
[2018.03.13-14.39.21:896][ 75]LogBlueprintUserMessages: [2DSideScrollerCharacter_254] Hello
[2018.03.13-14.39.21:930][ 76]LogBlueprintUserMessages: [2DSideScrollerCharacter_254] Hello
[2018.03.13-14.39.21:964][ 77]LogBlueprintUserMessages: [2DSideScrollerCharacter_254] Hello
[2018.03.13-14.39.21:996][ 78]LogBlueprintUserMessages: [2DSideScrollerCharacter_254] Hello
[2018.03.13-14.39.22:698][ 99]LogBlueprintUserMessages: [2DSideScrollerCharacter_254] Hello
[2018.03.13-14.39.22:732][100]LogBlueprintUserMessages: [2DSideScrollerCharacter_254] Hello
[2018.03.13-14.39.22:764][101]LogBlueprintUserMessages: [2DSideScrollerCharacter_254] Hello
[2018.03.13-14.39.22:797][102]LogBlueprintUserMessages: [2DSideScrollerCharacter_254] Hello
[2018.03.13-14.39.22:831][103]LogBlueprintUserMessages: [2DSideScrollerCharacter_254] Hello
[2018.03.13-14.39.22:865][104]LogBlueprintUserMessages: [2DSideScrollerCharacter_254] Hello
[2018.03.13-14.39.22:899][105]LogBlueprintUserMessages: [2DSideScrollerCharacter_254] Hello
[2018.03.13-14.39.22:932][106]LogBlueprintUserMessages: [2DSideScrollerCharacter_254] Hello
[2018.03.13-14.39.22:965][107]LogBlueprintUserMessages: [2DSideScrollerCharacter_254] Hello
[2018.03.13-14.39.22:998][108]LogBlueprintUserMessages: [2DSideScrollerCharacter_254] Hello
[2018.03.13-14.39.23:031][109]LogBlueprintUserMessages: [2DSideScrollerCharacter_254] Hello
[2018.03.13-14.39.23:064][110]LogBlueprintUserMessages: [2DSideScrollerCharacter_254] Hello
[2018.03.13-14.39.23:098][111]LogBlueprintUserMessages: [2DSideScrollerCharacter_254] Hello
[2018.03.13-14.39.23:131][112]LogBlueprintUserMessages: [2DSideScrollerCharacter_254] Hello
[2018.03.13-14.39.23:164][113]LogBlueprintUserMessages: [2DSideScrollerCharacter_254] Hello
[2018.03.13-14.39.26:432][211]LogBlueprintUserMessages: Early EndPlayMap Detection: Level '/Game/2DSideScrollerBP/Maps/2DSideScrollerExampleMap.2DSideScrollerExampleMap:PersistentLevel' has LevelScriptBlueprint '/Game/2DSideScrollerBP/Maps/2DSideScrollerExampleMap.2DSideScrollerExampleMap:PersistentLevel.2DSideScrollerExampleMap' with GeneratedClass '/Game/2DSideScrollerBP/Maps/2DSideScrollerExampleMap.2DSideScrollerExampleMap_C' with ClassGeneratedBy '/Game/2DSideScrollerBP/Maps/2DSideScrollerExampleMap.2DSideScrollerExampleMap:PersistentLevel.2DSideScrollerExampleMap'
[2018.03.13-14.39.26:588][211]LogBlueprintUserMessages: Late EndPlayMap Detection: Level '/Game/2DSideScrollerBP/Maps/2DSideScrollerExampleMap.2DSideScrollerExampleMap:PersistentLevel' has LevelScriptBlueprint '/Game/2DSideScrollerBP/Maps/2DSideScrollerExampleMap.2DSideScrollerExampleMap:PersistentLevel.2DSideScrollerExampleMap' with GeneratedClass '/Game/2DSideScrollerBP/Maps/2DSideScrollerExampleMap.2DSideScrollerExampleMap_C' with ClassGeneratedBy '/Game/2DSideScrollerBP/Maps/2DSideScrollerExampleMap.2DSideScrollerExampleMap:PersistentLevel.2DSideScrollerExampleMap'
[2018.03.13-14.39.28:779][266]LogSavePackage: Save=120.10ms
[2018.03.13-14.39.28:779][266]LogSavePackage: Moving 'C:/Users/Lug/Documents/Unreal Projects/Kter/Side_Scoller/Saved/2DSideScrollerExampleMapA789860944A18A200A77DFB8722D85AB.tmp' to 'C:/Users/Lug/Documents/Unreal Projects/Kter/Side_Scoller/Content/2DSideScrollerBP/Maps/2DSideScrollerExampleMap.umap'
[2018.03.13-14.39.28:790][266]LogSavePackage: Display: Finished SavePackage C:/Users/Lug/Documents/Unreal Projects/Kter/Side_Scoller/Content/2DSideScrollerBP/Maps/2DSideScrollerExampleMap.umap
[2018.03.13-14.39.28:858][266]LogSavePackage: Save=6.22ms
[2018.03.13-14.39.28:859][266]LogSavePackage: Moving 'C:/Users/Lug/Documents/Unreal Projects/Kter/Side_Scoller/Saved/2DSideScrollerExampleMap_BuiltDataF86C9F6A4A33E2B54D0D8CA8F5C97F9A.tmp' to 'C:/Users/Lug/Documents/Unreal Projects/Kter/Side_Scoller/Content/2DSideScrollerBP/Maps/2DSideScrollerExampleMap_BuiltData.uasset'
[2018.03.13-14.39.28:861][266]LogSavePackage: Display: Finished SavePackage C:/Users/Lug/Documents/Unreal Projects/Kter/Side_Scoller/Content/2DSideScrollerBP/Maps/2DSideScrollerExampleMap_BuiltData.uasset
[2018.03.13-14.49.29:277][102]LogFileHelpers: Editor autosave (incl. sublevels) for '/Game/2DSideScrollerBP/Maps/2DSideScrollerExampleMap' took 0.055
[2018.03.13-14.49.29:280][102]OBJ SavePackage: Generating thumbnails for [0] asset(s) in package [/Game/2DSideScrollerBP/Blueprints/2DSideScrollerCharacter] ([1] browsable assets)...
[2018.03.13-14.49.29:281][102]OBJ SavePackage: Finished generating thumbnails for package [/Game/2DSideScrollerBP/Blueprints/2DSideScrollerCharacter]
[2018.03.13-14.49.29:544][102]LogSavePackage: Save=252.76ms
[2018.03.13-14.49.29:545][102]LogSavePackage: Moving 'C:/Users/Lug/Documents/Unreal Projects/Kter/Side_Scoller/Saved/2DSideScrollerCharacter_Auto31FA2331942E2AE887D2E3A851E32CBC6.tmp' to 'C:/Users/Lug/Documents/Unreal Projects/Kter/Side_Scoller/Saved/Autosaves/Game/2DSideScrollerBP/Blueprints/2DSideScrollerCharacter_Auto3.uasset'
[2018.03.13-14.49.29:548][102]LogSavePackage: Display: Finished SavePackage C:/Users/Lug/Documents/Unreal Projects/Kter/Side_Scoller/Saved/Autosaves/Game/2DSideScrollerBP/Blueprints/2DSideScrollerCharacter_Auto3.uasset
[2018.03.13-14.49.29:549][102]LogFileHelpers: Auto-saving content packages took 0.270
[2018.03.13-15.00.14:435][648]LogFileHelpers: Editor autosave (incl. sublevels) for '/Game/2DSideScrollerBP/Maps/2DSideScrollerExampleMap' took 0.037
[2018.03.13-15.00.14:439][648]OBJ SavePackage: Generating thumbnails for [0] asset(s) in package [/Game/2DSideScrollerBP/Blueprints/2DSideScrollerCharacter] ([1] browsable assets)...
[2018.03.13-15.00.14:439][648]OBJ SavePackage: Finished generating thumbnails for package [/Game/2DSideScrollerBP/Blueprints/2DSideScrollerCharacter]
[2018.03.13-15.00.14:718][648]LogSavePackage: Save=268.41ms
[2018.03.13-15.00.14:718][648]LogSavePackage: Moving 'C:/Users/Lug/Documents/Unreal Projects/Kter/Side_Scoller/Saved/2DSideScrollerCharacter_Auto4A3D7D49B4DB9F97D3035F6BC48593EF3.tmp' to 'C:/Users/Lug/Documents/Unreal Projects/Kter/Side_Scoller/Saved/Autosaves/Game/2DSideScrollerBP/Blueprints/2DSideScrollerCharacter_Auto4.uasset'
[2018.03.13-15.00.14:721][648]LogSavePackage: Display: Finished SavePackage C:/Users/Lug/Documents/Unreal Projects/Kter/Side_Scoller/Saved/Autosaves/Game/2DSideScrollerBP/Blueprints/2DSideScrollerCharacter_Auto4.uasset
[2018.03.13-15.00.14:721][648]LogFileHelpers: Auto-saving content packages took 0.284
[2018.03.13-15.01.35:778][504]Cmd: QUIT_EDITOR
[2018.03.13-15.01.36:822][504]LogWindowsTextInputMethodSystem: Display: IME system now deactivated.
[2018.03.13-15.01.36:870][504]LogExit: Preparing to exit.
[2018.03.13-15.01.38:255][504]LogExit: Editor shut down
[2018.03.13-15.01.38:327][504]LogExit: Transaction tracking system shut down
[2018.03.13-15.01.38:624][504]LogDirectoryWatcher: A directory notification for '../../../Engine/Content/' was aborted.
[2018.03.13-15.01.38:624][504]LogDirectoryWatcher: A directory notification for 'C:/Users/Lug/Documents/Unreal Projects/Kter/Side_Scoller/Content/' was aborted.
[2018.03.13-15.01.38:624][504]LogDirectoryWatcher: A directory notification for '../../../Engine/Plugins/2D/Paper2D/Content/' was aborted.
[2018.03.13-15.01.38:624][504]LogDirectoryWatcher: A directory notification for '../../../Engine/Plugins/Runtime/Oculus/OculusVR/Content/' was aborted.
[2018.03.13-15.01.38:624][504]LogDirectoryWatcher: A directory notification for '../../../Engine/Plugins/Runtime/Steam/SteamVR/Content/' was aborted.
[2018.03.13-15.01.38:880][504]LogExit: Object subsystem successfully closed.
[2018.03.13-15.01.38:925][504]LogD3D11RHI: Shutdown
[2018.03.13-15.01.38:925][504]LogD3D11RHI: CleanupD3DDevice
[2018.03.13-15.01.39:113][504]LogD3D11RHI: ~FD3D11DynamicRHI
[2018.03.13-15.01.39:135][504]LogModuleManager: Shutting down and abandoning module BlueprintGraph (538)
[2018.03.13-15.01.39:135][504]LogModuleManager: Shutting down and abandoning module BlueprintProfiler (536)
[2018.03.13-15.01.39:135][504]LogModuleManager: Shutting down and abandoning module MovieSceneCapture (534)
[2018.03.13-15.01.39:135][504]LogModuleManager: Shutting down and abandoning module HierarchicalLODOutliner (532)
[2018.03.13-15.01.39:135][504]LogModuleManager: Shutting down and abandoning module SceneOutliner (530)
[2018.03.13-15.01.39:135][504]LogModuleManager: Shutting down and abandoning module WorldBrowser (528)
[2018.03.13-15.01.39:136][504]LogModuleManager: Shutting down and abandoning module AddContentDialog (526)
[2018.03.13-15.01.39:136][504]LogDirectoryWatcher: A directory notification for 'D:/Program Files/UE_4.17/FeaturePacks/' was aborted.
[2018.03.13-15.01.39:148][504]LogModuleManager: Shutting down and abandoning module WidgetCarousel (525)
[2018.03.13-15.01.39:148][504]LogModuleManager: Shutting down and abandoning module EditorWidgets (522)
[2018.03.13-15.01.39:148][504]LogModuleManager: Shutting down and abandoning module CollectionManager (520)
[2018.03.13-15.01.39:148][504]LogDirectoryWatcher: A directory notification for 'C:/Users/Lug/Documents/Unreal Projects/Kter/Side_Scoller/Content/Collections/' was aborted.
[2018.03.13-15.01.39:149][504]LogDirectoryWatcher: A directory notification for 'C:/Users/Lug/Documents/Unreal Projects/Kter/Side_Scoller/Content/Developers/Lug/Collections/' was aborted.
[2018.03.13-15.01.39:149][504]LogDirectoryWatcher: A directory notification for 'C:/Users/Lug/Documents/Unreal Projects/Kter/Side_Scoller/Saved/Collections/' was aborted.
[2018.03.13-15.01.39:149][504]LogModuleManager: Shutting down and abandoning module StatsViewer (518)
[2018.03.13-15.01.39:149][504]LogModuleManager: Shutting down and abandoning module FoliageEdit (516)
[2018.03.13-15.01.39:149][504]LogModuleManager: Shutting down and abandoning module LandscapeEditor (514)
[2018.03.13-15.01.39:149][504]LogModuleManager: Shutting down and abandoning module MeshPaintMode (512)
[2018.03.13-15.01.39:149][504]LogModuleManager: Shutting down and abandoning module SceneDepthPickerMode (510)
[2018.03.13-15.01.39:149][504]LogModuleManager: Shutting down and abandoning module ActorPickerMode (508)
[2018.03.13-15.01.39:150][504]LogModuleManager: Shutting down and abandoning module GeometryMode (506)
[2018.03.13-15.01.39:150][504]LogModuleManager: Shutting down and abandoning module TextureAlignMode (504)
[2018.03.13-15.01.39:150][504]LogModuleManager: Shutting down and abandoning module BspMode (502)
[2018.03.13-15.01.39:150][504]LogModuleManager: Shutting down and abandoning module PIEPreviewDeviceProfileSelector (500)
[2018.03.13-15.01.39:150][504]LogModuleManager: Shutting down and abandoning module HardwareSurvey (498)
[2018.03.13-15.01.39:150][504]LogModuleManager: Shutting down and abandoning module SequenceRecorderSections (496)
[2018.03.13-15.01.39:150][504]LogModuleManager: Shutting down and abandoning module AutomationWorker (494)
[2018.03.13-15.01.39:150][504]LogModuleManager: Shutting down and abandoning module MatineeToLevelSequence (492)
[2018.03.13-15.01.39:150][504]LogModuleManager: Shutting down and abandoning module LevelSequenceEditor (490)
[2018.03.13-15.01.39:150][504]LogModuleManager: Shutting down and abandoning module PlacementMode (489)
[2018.03.13-15.01.39:150][504]LogModuleManager: Shutting down and abandoning module WmfMediaFactory (486)
[2018.03.13-15.01.39:150][504]LogModuleManager: Shutting down and abandoning module WmfMediaEditor (484)
[2018.03.13-15.01.39:150][504]LogModuleManager: Shutting down and abandoning module AvfMediaFactory (482)
[2018.03.13-15.01.39:150][504]LogModuleManager: Shutting down and abandoning module AvfMediaEditor (480)
[2018.03.13-15.01.39:150][504]LogModuleManager: Shutting down and abandoning module AndroidMediaFactory (478)
[2018.03.13-15.01.39:150][504]LogModuleManager: Shutting down and abandoning module Media (477)
[2018.03.13-15.01.39:150][504]LogModuleManager: Shutting down and abandoning module AndroidMediaEditor (474)
[2018.03.13-15.01.39:150][504]LogModuleManager: Shutting down and abandoning module CharacterAI (472)
[2018.03.13-15.01.39:151][504]LogModuleManager: Shutting down and abandoning module AudioCapture (470)
[2018.03.13-15.01.39:151][504]LogModuleManager: Shutting down and abandoning module SequenceRecorder (469)
[2018.03.13-15.01.39:151][504]LogModuleManager: Shutting down and abandoning module SmartSnapping (466)
[2018.03.13-15.01.39:151][504]LogModuleManager: Shutting down and abandoning module SessionServices (464)
[2018.03.13-15.01.39:151][504]LogModuleManager: Shutting down and abandoning module ViewportSnapping (462)
[2018.03.13-15.01.39:151][504]LogModuleManager: Shutting down and abandoning module ViewportInteraction (460)
[2018.03.13-15.01.39:151][504]LogModuleManager: Shutting down and abandoning module ClothPainter (458)
[2018.03.13-15.01.39:151][504]LogModuleManager: Shutting down and abandoning module LogVisualizer (456)
[2018.03.13-15.01.39:151][504]LogModuleManager: Shutting down and abandoning module IntroTutorials (454)
[2018.03.13-15.01.39:152][504]LogModuleManager: Shutting down and abandoning module GameProjectGeneration (453)
[2018.03.13-15.01.39:152][504]LogModuleManager: Shutting down and abandoning module IOSPlatformEditor (450)
[2018.03.13-15.01.39:152][504]LogModuleManager: Shutting down and abandoning module HTML5PlatformEditor (448)
[2018.03.13-15.01.39:152][504]LogModuleManager: Shutting down and abandoning module AndroidPlatformEditor (446)
[2018.03.13-15.01.39:152][504]LogModuleManager: Shutting down and abandoning module AndroidDeviceDetection (445)
[2018.03.13-15.01.39:744][504]LogModuleManager: Shutting down and abandoning module WindowsPlatformEditor (442)
[2018.03.13-15.01.39:745][504]LogModuleManager: Shutting down and abandoning module IOSRuntimeSettings (440)
[2018.03.13-15.01.39:745][504]LogModuleManager: Shutting down and abandoning module AndroidRuntimeSettings (438)
[2018.03.13-15.01.39:745][504]LogModuleManager: Shutting down and abandoning module InputBindingEditor (436)
[2018.03.13-15.01.39:745][504]LogModuleManager: Shutting down and abandoning module MergeActors (434)
[2018.03.13-15.01.39:745][504]LogModuleManager: Shutting down and abandoning module SizeMap (432)
[2018.03.13-15.01.39:745][504]LogModuleManager: Shutting down and abandoning module TreeMap (430)
[2018.03.13-15.01.39:745][504]LogModuleManager: Shutting down and abandoning module ReferenceViewer (428)
[2018.03.13-15.01.39:745][504]LogModuleManager: Shutting down and abandoning module LocalizationDashboard (426)
[2018.03.13-15.01.39:745][504]LogModuleManager: Shutting down and abandoning module LocalizationService (425)
[2018.03.13-15.01.39:745][504]LogModuleManager: Shutting down and abandoning module HardwareTargeting (422)
[2018.03.13-15.01.39:745][504]LogModuleManager: Shutting down and abandoning module DeviceProfileEditor (420)
[2018.03.13-15.01.39:746][504]LogModuleManager: Shutting down and abandoning module UndoHistory (418)
[2018.03.13-15.01.39:746][504]LogModuleManager: Shutting down and abandoning module XmlParser (416)
[2018.03.13-15.01.39:746][504]LogModuleManager: Shutting down and abandoning module Blutility (414)
[2018.03.13-15.01.39:746][504]LogModuleManager: Shutting down and abandoning module ProjectSettingsViewer (412)
[2018.03.13-15.01.39:746][504]LogModuleManager: Shutting down and abandoning module ProjectTargetPlatformEditor (411)
[2018.03.13-15.01.39:747][504]LogModuleManager: Shutting down and abandoning module EditorSettingsViewer (408)
[2018.03.13-15.01.39:747][504]LogModuleManager: Shutting down and abandoning module SettingsEditor (406)
[2018.03.13-15.01.39:747][504]LogModuleManager: Shutting down and abandoning module ProjectLauncher (404)
[2018.03.13-15.01.39:747][504]LogModuleManager: Shutting down and abandoning module SessionFrontend (402)
[2018.03.13-15.01.39:747][504]LogModuleManager: Shutting down and abandoning module ProfilerClient (400)
[2018.03.13-15.01.39:747][504]LogModuleManager: Shutting down and abandoning module DeviceManager (398)
[2018.03.13-15.01.39:747][504]LogModuleManager: Shutting down and abandoning module TargetDeviceServices (397)
[2018.03.13-15.01.39:802][504]LogModuleManager: Shutting down and abandoning module AutomationController (394)
[2018.03.13-15.01.39:802][504]LogModuleManager: Shutting down and abandoning module AutomationWindow (392)
[2018.03.13-15.01.39:803][504]LogModuleManager: Shutting down and abandoning module Layers (390)
[2018.03.13-15.01.39:803][504]LogModuleManager: Shutting down and abandoning module ComponentVisualizers (388)
[2018.03.13-15.01.39:803][504]LogModuleManager: Shutting down and abandoning module DetailCustomizations (386)
[2018.03.13-15.01.39:803][504]LogModuleManager: Shutting down and abandoning module PackagesDialog (384)
[2018.03.13-15.01.39:804][504]LogModuleManager: Shutting down and abandoning module Persona (382)
[2018.03.13-15.01.39:804][504]LogModuleManager: Shutting down and abandoning module AdvancedPreviewScene (381)
[2018.03.13-15.01.39:804][504]LogModuleManager: Shutting down and abandoning module AnimGraph (379)
[2018.03.13-15.01.39:804][504]LogModuleManager: Shutting down and abandoning module Kismet (376)
[2018.03.13-15.01.39:825][504]LogModuleManager: Shutting down and abandoning module ClassViewer (374)
[2018.03.13-15.01.39:825][504]LogModuleManager: Shutting down and abandoning module Toolbox (372)
[2018.03.13-15.01.39:825][504]LogModuleManager: Shutting down and abandoning module ModuleUI (370)
[2018.03.13-15.01.39:825][504]LogModuleManager: Shutting down and abandoning module MovieSceneTools (368)
[2018.03.13-15.01.39:826][504]LogModuleManager: Shutting down and abandoning module OutputLog (366)
[2018.03.13-15.01.39:826][504]LogModuleManager: Shutting down and abandoning module GammaUI (364)
[2018.03.13-15.01.39:826][504]LogModuleManager: Shutting down and abandoning module Documentation (362)
[2018.03.13-15.01.39:826][504]LogModuleManager: Shutting down and abandoning module MovieSceneTracks (360)
[2018.03.13-15.01.39:826][504]LogModuleManager: Shutting down and abandoning module MovieScene (358)
[2018.03.13-15.01.39:826][504]LogModuleManager: Shutting down and abandoning module Niagara (356)
[2018.03.13-15.01.39:826][504]LogModuleManager: Shutting down and abandoning module NiagaraEditor (355)
[2018.03.13-15.01.39:827][504]LogModuleManager: Shutting down and abandoning module StreamingPauseRendering (352)
[2018.03.13-15.01.39:827][504]LogModuleManager: Shutting down and abandoning module LauncherPlatform (350)
[2018.03.13-15.01.39:827][504]LogModuleManager: Shutting down and abandoning module AnalyticsET (348)
[2018.03.13-15.01.39:827][504]LogModuleManager: Shutting down and abandoning module PortalServices (346)
[2018.03.13-15.01.39:827][504]LogModuleManager: Shutting down and abandoning module PortalRpc (344)
[2018.03.13-15.01.39:827][504]LogModuleManager: Shutting down and abandoning module MessagingRpc (342)
[2018.03.13-15.01.39:827][504]LogModuleManager: Shutting down and abandoning module AIModule (340)
[2018.03.13-15.01.39:827][504]LogModuleManager: Shutting down and abandoning module GameplayDebugger (339)
[2018.03.13-15.01.39:827][504]LogModuleManager: Shutting down and abandoning module AITestSuite (337)
[2018.03.13-15.01.39:827][504]LogModuleManager: Shutting down and abandoning module ProfilerService (334)
[2018.03.13-15.01.39:887][504]LogModuleManager: Shutting down and abandoning module TaskGraph (332)
[2018.03.13-15.01.39:887][504]LogModuleManager: Shutting down and abandoning module SteamVRController (330)
[2018.03.13-15.01.39:887][504]LogModuleManager: Shutting down and abandoning module ProceduralMeshComponentEditor (328)
[2018.03.13-15.01.39:887][504]LogModuleManager: Shutting down and abandoning module ProceduralMeshComponent (326)
[2018.03.13-15.01.39:887][504]LogModuleManager: Shutting down and abandoning module OculusInput (324)
[2018.03.13-15.01.39:887][504]LogModuleManager: Shutting down and abandoning module MobilePatchingUtils (322)
[2018.03.13-15.01.39:888][504]LogModuleManager: Shutting down and abandoning module CustomMeshComponent (320)
[2018.03.13-15.01.39:888][504]LogModuleManager: Shutting down and abandoning module CableComponent (318)
[2018.03.13-15.01.39:888][504]LogModuleManager: Shutting down and abandoning module ArchVisCharacter (316)
[2018.03.13-15.01.39:888][504]LogModuleManager: Shutting down and abandoning module AndroidPermission (314)
[2018.03.13-15.01.39:888][504]LogModuleManager: Shutting down and abandoning module MediaPlayerEditor (310)
[2018.03.13-15.01.39:888][504]LogModuleManager: Shutting down and abandoning module HTML5Networking (308)
[2018.03.13-15.01.39:888][504]LogModuleManager: Shutting down and abandoning module AlembicImporter (306)
[2018.03.13-15.01.39:888][504]LogModuleManager: Shutting down and abandoning module AlembicLibrary (305)
[2018.03.13-15.01.39:888][504]LogModuleManager: Shutting down and abandoning module GeometryCache (304)
[2018.03.13-15.01.39:888][504]LogModuleManager: Shutting down and abandoning module GeometryCacheEd (303)
[2018.03.13-15.01.39:888][504]LogModuleManager: Shutting down and abandoning module SpeedTreeImporter (298)
[2018.03.13-15.01.39:888][504]LogModuleManager: Shutting down and abandoning module PluginBrowser (296)
[2018.03.13-15.01.39:889][504]LogModuleManager: Shutting down and abandoning module MobileLauncherProfileWizard (294)
[2018.03.13-15.01.39:889][504]LogModuleManager: Shutting down and abandoning module VisualStudioSourceCodeAccess (292)
[2018.03.13-15.01.39:889][504]LogModuleManager: Shutting down and abandoning module DesktopPlatform (291)
[2018.03.13-15.01.39:889][504]LogModuleManager: Shutting down and abandoning module UObjectPlugin (288)
[2018.03.13-15.01.39:889][504]LogModuleManager: Shutting down and abandoning module SubversionSourceControl (286)
[2018.03.13-15.01.39:889][504]LogModuleManager: Shutting down and abandoning module PerforceSourceControl (284)
[2018.03.13-15.01.39:889][504]LogModuleManager: Shutting down and abandoning module GitSourceControl (282)
[2018.03.13-15.01.39:889][504]LogModuleManager: Shutting down and abandoning module SourceControl (281)
[2018.03.13-15.01.39:890][504]LogModuleManager: Shutting down and abandoning module LightPropagationVolumeEditor (278)
[2018.03.13-15.01.39:890][504]LogModuleManager: Shutting down and abandoning module PaperTiledImporter (276)
[2018.03.13-15.01.39:890][504]LogModuleManager: Shutting down and abandoning module PaperSpriteSheetImporter (274)
[2018.03.13-15.01.39:890][504]LogModuleManager: Shutting down and abandoning module Paper2DEditor (272)
[2018.03.13-15.01.39:890][504]LogModuleManager: Shutting down and abandoning module MeshPaint (271)
[2018.03.13-15.01.39:890][504]LogModuleManager: Shutting down and abandoning module LevelEditor (269)
[2018.03.13-15.01.39:893][504]LogModuleManager: Shutting down and abandoning module PixelInspectorModule (268)
[2018.03.13-15.01.39:893][504]LogModuleManager: Shutting down and abandoning module MainFrame (266)
[2018.03.13-15.01.39:894][504]LogModuleManager: Shutting down and abandoning module HotReload (265)
[2018.03.13-15.01.39:895][504]LogModuleManager: Shutting down and abandoning module RuntimePhysXCooking (260)
[2018.03.13-15.01.39:895][504]LogModuleManager: Shutting down and abandoning module PhysXVehiclesEditor (258)
[2018.03.13-15.01.39:895][504]LogModuleManager: Shutting down and abandoning module PhysXVehicles (256)
[2018.03.13-15.01.39:895][504]LogModuleManager: Shutting down and abandoning module OculusEditor (254)
[2018.03.13-15.01.39:895][504]LogModuleManager: Shutting down and abandoning module LocationServicesBPLibrary (252)
[2018.03.13-15.01.39:895][504]LogModuleManager: Shutting down and abandoning module ImmediatePhysicsEditor (250)
[2018.03.13-15.01.39:895][504]LogModuleManager: Shutting down and abandoning module ImmediatePhysics (248)
[2018.03.13-15.01.39:896][504]LogModuleManager: Shutting down and abandoning module UdpMessaging (246)
[2018.03.13-15.01.39:996][504]LogModuleManager: Shutting down and abandoning module TcpMessaging (244)
[2018.03.13-15.01.40:096][504]LogModuleManager: Shutting down and abandoning module GameplayTagsEditor (242)
[2018.03.13-15.01.40:096][504]LogModuleManager: Shutting down and abandoning module FacialAnimationEditor (240)
[2018.03.13-15.01.40:096][504]LogModuleManager: Shutting down and abandoning module FacialAnimation (238)
[2018.03.13-15.01.40:097][504]LogModuleManager: Shutting down and abandoning module AssetManagerEditor (236)
[2018.03.13-15.01.40:097][504]LogModuleManager: Shutting down and abandoning module GraphEditor (235)
[2018.03.13-15.01.40:097][504]LogModuleManager: Shutting down and abandoning module ContentBrowser (233)
[2018.03.13-15.01.40:100][504]LogModuleManager: Shutting down and abandoning module LightPropagationVolumeRuntime (230)
[2018.03.13-15.01.40:101][504]LogModuleManager: Shutting down and abandoning module Paper2D (228)
[2018.03.13-15.01.40:101][504]LogModuleManager: Shutting down and abandoning module WindowsMoviePlayer (226)
[2018.03.13-15.01.40:101][504]LogModuleManager: Shutting down and abandoning module WmfMedia (224)
[2018.03.13-15.01.40:105][504]LogModuleManager: Shutting down and abandoning module PacketHandler (222)
[2018.03.13-15.01.40:105][504]LogModuleManager: Shutting down and abandoning module ClothingSystemEditor (220)
[2018.03.13-15.01.40:105][504]LogModuleManager: Shutting down and abandoning module ClothingSystemRuntime (218)
[2018.03.13-15.01.40:105][504]LogModuleManager: Shutting down and abandoning module Overlay (216)
[2018.03.13-15.01.40:105][504]LogModuleManager: Shutting down and abandoning module OverlayEditor (215)
[2018.03.13-15.01.40:105][504]LogModuleManager: Shutting down and abandoning module MediaAssets (212)
[2018.03.13-15.01.40:105][504]LogModuleManager: Shutting down and abandoning module VREditor (210)
[2018.03.13-15.01.40:105][504]LogModuleManager: Shutting down and abandoning module StringTableEditor (208)
[2018.03.13-15.01.40:105][504]LogModuleManager: Shutting down and abandoning module GameplayTasksEditor (206)
[2018.03.13-15.01.40:105][504]LogModuleManager: Shutting down and abandoning module BehaviorTreeEditor (204)
[2018.03.13-15.01.40:105][504]LogModuleManager: Shutting down and abandoning module FunctionalTesting (202)
[2018.03.13-15.01.40:105][504]LogModuleManager: Shutting down and abandoning module CollisionAnalyzer (200)
[2018.03.13-15.01.40:105][504]LogModuleManager: Shutting down and abandoning module WorkspaceMenuStructure (199)
[2018.03.13-15.01.40:105][504]LogModuleManager: Shutting down and abandoning module UMG (196)
[2018.03.13-15.01.40:106][504]LogModuleManager: Shutting down and abandoning module UMGEditor (195)
[2018.03.13-15.01.40:106][504]LogModuleManager: Shutting down and abandoning module Sequencer (194)
[2018.03.13-15.01.40:106][504]LogModuleManager: Shutting down and abandoning module MessageLog (191)
[2018.03.13-15.01.40:106][504]LogModuleManager: Shutting down and abandoning module SlateReflector (186)
[2018.03.13-15.01.40:106][504]LogModuleManager: Shutting down and abandoning module Slate (184)
[2018.03.13-15.01.40:106][504]LogModuleManager: Shutting down and abandoning module EditorStyle (182)
[2018.03.13-15.01.40:111][504]LogModuleManager: Shutting down and abandoning module MRMesh (180)
[2018.03.13-15.01.40:111][504]LogModuleManager: Shutting down and abandoning module SourceCodeAccess (178)
[2018.03.13-15.01.40:111][504]LogModuleManager: Shutting down and abandoning module HeadMountedDisplay (176)
[2018.03.13-15.01.40:111][504]LogModuleManager: Shutting down and abandoning module XAudio2 (174)
[2018.03.13-15.01.40:111][504]LogModuleManager: Shutting down and abandoning module Networking (172)
[2018.03.13-15.01.40:111][504]LogModuleManager: Shutting down and abandoning module Core (168)
[2018.03.13-15.01.40:111][504]LogModuleManager: Shutting down and abandoning module KismetCompiler (164)
[2018.03.13-15.01.40:111][504]LogModuleManager: Shutting down and abandoning module LevelSequence (162)
[2018.03.13-15.01.40:111][504]LogModuleManager: Shutting down and abandoning module MeshUtilities (160)
[2018.03.13-15.01.40:111][504]LogModuleManager: Shutting down and abandoning module MeshMergeUtilities (159)
[2018.03.13-15.01.40:111][504]LogModuleManager: Shutting down and abandoning module MeshReductionInterface (158)
[2018.03.13-15.01.40:111][504]LogModuleManager: Shutting down and abandoning module SimplygonSwarm (157)
[2018.03.13-15.01.40:111][504]LogModuleManager: Shutting down and abandoning module SimplygonMeshReduction (155)
[2018.03.13-15.01.40:111][504]LogModuleManager: Shutting down and abandoning module QuadricMeshReduction (153)
[2018.03.13-15.01.40:112][504]LogModuleManager: Shutting down and abandoning module MaterialBaking (149)
[2018.03.13-15.01.40:112][504]LogModuleManager: Shutting down and abandoning module DirectoryWatcher (146)
[2018.03.13-15.01.40:123][504]LogModuleManager: Shutting down and abandoning module DerivedDataCache (144)
[2018.03.13-15.01.40:141][504]LogDerivedDataCache: Shutdown
[2018.03.13-15.01.40:141][504]LogModuleManager: Shutting down and abandoning module TargetPlatform (142)
[2018.03.13-15.01.40:142][504]LogModuleManager: Shutting down and abandoning module VulkanShaderFormat (141)
[2018.03.13-15.01.40:142][504]LogModuleManager: Shutting down and abandoning module ShaderFormatVectorVM (139)
[2018.03.13-15.01.40:142][504]LogModuleManager: Shutting down and abandoning module ShaderFormatOpenGL (137)
[2018.03.13-15.01.40:142][504]LogModuleManager: Shutting down and abandoning module ShaderFormatD3D (135)
[2018.03.13-15.01.40:142][504]LogModuleManager: Shutting down and abandoning module MetalShaderFormat (133)
[2018.03.13-15.01.40:142][504]LogModuleManager: Shutting down and abandoning module TextureFormatUncompressed (131)
[2018.03.13-15.01.40:142][504]LogModuleManager: Shutting down and abandoning module TextureFormatPVR (129)
[2018.03.13-15.01.40:142][504]LogModuleManager: Shutting down and abandoning module TextureFormatDXT (127)
[2018.03.13-15.01.40:142][504]LogModuleManager: Shutting down and abandoning module TextureFormatIntelISPCTexComp (125)
[2018.03.13-15.01.40:143][504]LogModuleManager: Shutting down and abandoning module TextureFormatASTC (123)
[2018.03.13-15.01.40:143][504]LogModuleManager: Shutting down and abandoning module ImageWrapper (122)
[2018.03.13-15.01.40:143][504]LogModuleManager: Shutting down and abandoning module TextureFormatAndroid (119)
[2018.03.13-15.01.40:143][504]LogModuleManager: Shutting down and abandoning module AudioFormatOpus (117)
[2018.03.13-15.01.40:143][504]LogModuleManager: Shutting down and abandoning module AudioFormatOgg (115)
[2018.03.13-15.01.40:143][504]LogModuleManager: Shutting down and abandoning module AudioFormatADPCM (113)
[2018.03.13-15.01.40:143][504]LogModuleManager: Shutting down and abandoning module LinuxTargetPlatform (111)
[2018.03.13-15.01.40:143][504]LogModuleManager: Shutting down and abandoning module LinuxServerTargetPlatform (109)
[2018.03.13-15.01.40:143][504]LogModuleManager: Shutting down and abandoning module LinuxNoEditorTargetPlatform (107)
[2018.03.13-15.01.40:143][504]LogModuleManager: Shutting down and abandoning module LinuxClientTargetPlatform (105)
[2018.03.13-15.01.40:143][504]LogModuleManager: Shutting down and abandoning module TVOSTargetPlatform (103)
[2018.03.13-15.01.40:144][504]LogModuleManager: Shutting down and abandoning module Messaging (101)
[2018.03.13-15.01.40:144][504]LogModuleManager: Shutting down and abandoning module IOSTargetPlatform (99)
[2018.03.13-15.01.40:144][504]LogModuleManager: Shutting down and abandoning module HTML5TargetPlatform (97)
[2018.03.13-15.01.40:144][504]LogModuleManager: Shutting down and abandoning module Android_PVRTCTargetPlatform (95)
[2018.03.13-15.01.40:144][504]LogModuleManager: Shutting down and abandoning module Android_MultiTargetPlatform (93)
[2018.03.13-15.01.40:144][504]LogModuleManager: Shutting down and abandoning module Android_ETC2TargetPlatform (91)
[2018.03.13-15.01.40:144][504]LogModuleManager: Shutting down and abandoning module Android_ETC1TargetPlatform (89)
[2018.03.13-15.01.40:144][504]LogModuleManager: Shutting down and abandoning module Android_DXTTargetPlatform (87)
[2018.03.13-15.01.40:144][504]LogModuleManager: Shutting down and abandoning module Android_ATCTargetPlatform (85)
[2018.03.13-15.01.40:144][504]LogModuleManager: Shutting down and abandoning module Android_ASTCTargetPlatform (83)
[2018.03.13-15.01.40:144][504]LogModuleManager: Shutting down and abandoning module AndroidTargetPlatform (81)
[2018.03.13-15.01.40:144][504]LogModuleManager: Shutting down and abandoning module WindowsTargetPlatform (79)
[2018.03.13-15.01.40:144][504]LogModuleManager: Shutting down and abandoning module WindowsServerTargetPlatform (77)
[2018.03.13-15.01.40:144][504]LogModuleManager: Shutting down and abandoning module WindowsNoEditorTargetPlatform (75)
[2018.03.13-15.01.40:144][504]LogModuleManager: Shutting down and abandoning module WindowsClientTargetPlatform (73)
[2018.03.13-15.01.40:144][504]LogModuleManager: Shutting down and abandoning module MacTargetPlatform (71)
[2018.03.13-15.01.40:144][504]LogModuleManager: Shutting down and abandoning module MacServerTargetPlatform (69)
[2018.03.13-15.01.40:144][504]LogModuleManager: Shutting down and abandoning module MacNoEditorTargetPlatform (67)
[2018.03.13-15.01.40:145][504]LogModuleManager: Shutting down and abandoning module MacClientTargetPlatform (65)
[2018.03.13-15.01.40:145][504]LogModuleManager: Shutting down and abandoning module AllDesktopTargetPlatform (63)
[2018.03.13-15.01.40:145][504]LogModuleManager: Shutting down and abandoning module InputCore (60)
[2018.03.13-15.01.40:145][504]LogModuleManager: Shutting down and abandoning module Settings (58)
[2018.03.13-15.01.40:145][504]LogModuleManager: Shutting down and abandoning module PhysXCooking (56)
[2018.03.13-15.01.40:145][504]LogModuleManager: Shutting down and abandoning module SteamVR (54)
[2018.03.13-15.01.40:145][504]LogModuleManager: Shutting down and abandoning module OculusHMD (52)
[2018.03.13-15.01.40:145][504]LogModuleManager: Shutting down and abandoning module ExampleDeviceProfileSelector (50)
[2018.03.13-15.01.40:145][504]LogModuleManager: Shutting down and abandoning module OnlineBlueprintSupport (48)
[2018.03.13-15.01.40:145][504]LogModuleManager: Shutting down and abandoning module OnlineSubsystem (44)
[2018.03.13-15.01.40:145][504]LogOnline: Display: Unloading online subsystem: NULL
[2018.03.13-15.01.40:145][504]LogModuleManager: Shutting down and abandoning module XMPP (43)
[2018.03.13-15.01.40:146][504]LogModuleManager: Shutting down and abandoning module HTTP (41)
[2018.03.13-15.01.40:146][504]LogHttp: Display: Http module shutting down, but needs to wait on 1 outstanding Http requests:
[2018.03.13-15.01.40:146][504]LogHttp: Display: 	verb=[POST] url=[https://datarouter.ol.epicgames.com/datarouter/api/v1/public/data?SessionID=%7BB61C293D-4197-41C8-7841-8F963493E6A7%7D&AppID=UEEditor.Rocket.Release&AppVersion=4.17.2-3658906%2B%2B%2BUE4%2BRelease-4.17&UserID=73f92b95400f6e787d35a0b9a98befb7%7C0b51c6cc38a4471483298c6c80d1067a%7C5d66e4cc-3c61-4c03-a73e-92cade5ad723&AppEnvironment=datacollector-binary&UploadType=eteventstream] status=Processing
[2018.03.13-15.01.40:154][504]LogModuleManager: Shutting down and abandoning module SSL (40)
[2018.03.13-15.01.40:160][504]LogModuleManager: Shutting down and abandoning module AnimationModifiers (36)
[2018.03.13-15.01.40:160][504]LogModuleManager: Shutting down and abandoning module PropertyEditor (35)
[2018.03.13-15.01.40:160][504]LogModuleManager: Shutting down and abandoning module AudioEditor (32)
[2018.03.13-15.01.40:161][504]LogModuleManager: Shutting down and abandoning module TextureCompressor (30)
[2018.03.13-15.01.40:161][504]LogModuleManager: Shutting down and abandoning module ShaderCore (28)
[2018.03.13-15.01.40:161][504]LogModuleManager: Shutting down and abandoning module Landscape (26)
[2018.03.13-15.01.40:161][504]LogModuleManager: Shutting down and abandoning module SlateRHIRenderer (24)
[2018.03.13-15.01.40:174][504]LogModuleManager: Shutting down and abandoning module OpenGLDrv (22)
[2018.03.13-15.01.40:174][504]LogModuleManager: Shutting down and abandoning module D3D11RHI (20)
[2018.03.13-15.01.40:174][504]LogModuleManager: Shutting down and abandoning module AnimGraphRuntime (18)
[2018.03.13-15.01.40:174][504]LogModuleManager: Shutting down and abandoning module Renderer (16)
[2018.03.13-15.01.40:174][504]LogModuleManager: Shutting down and abandoning module Engine (14)
[2018.03.13-15.01.40:174][504]LogModuleManager: Shutting down and abandoning module CoreUObject (12)
[2018.03.13-15.01.40:174][504]LogModuleManager: Shutting down and abandoning module NetworkFile (10)
[2018.03.13-15.01.40:175][504]LogModuleManager: Shutting down and abandoning module CookedIterativeFile (8)
[2018.03.13-15.01.40:175][504]LogModuleManager: Shutting down and abandoning module StreamingFile (6)
[2018.03.13-15.01.40:175][504]LogModuleManager: Shutting down and abandoning module SandboxFile (4)
[2018.03.13-15.01.40:175][504]LogModuleManager: Shutting down and abandoning module PakFile (2)
[2018.03.13-15.01.40:185][504]LogExit: Exiting.
[2018.03.13-15.01.40:228][504]Log file closed, 03/13/18 16:01:40
