Log file open, 03/22/18 17:34:02
LogWindows: Failed to load 'aqProf.dll' (GetLastError=126)
LogWindows: File 'aqProf.dll' does not exist
LogWindows: Failed to load 'VSPerf140.dll' (GetLastError=126)
LogWindows: File 'VSPerf140.dll' does not exist
LogWindows: Failed to load 'VtuneApi.dll' (GetLastError=126)
LogWindows: File 'VtuneApi.dll' does not exist
LogWindows: Failed to load 'VtuneApi32e.dll' (GetLastError=126)
LogWindows: File 'VtuneApi32e.dll' does not exist
LogInit: Display: Running engine for game: SideScoller
LogPlatformFile: Not using cached read wrapper
LogInit: Display: RandInit(426677853) SRandInit(426677853).
LogTaskGraph: Started task graph with 5 named threads and 14 total threads with 3 sets of task threads.
LogStats: Stats thread started at 0.295796
LogD3D11RHI: Aftermath initialized
LogPluginManager: Mounting plugin Paper2D
LogPluginManager: Mounting plugin LightPropagationVolume
LogPluginManager: Mounting plugin CodeLiteSourceCodeAccess
LogPluginManager: Mounting plugin GitSourceControl
LogPluginManager: Mounting plugin KDevelopSourceCodeAccess
LogPluginManager: Mounting plugin NullSourceCodeAccess
LogPluginManager: Mounting plugin PerforceSourceControl
LogPluginManager: Mounting plugin SubversionSourceControl
LogPluginManager: Mounting plugin UObjectPlugin
LogPluginManager: Mounting plugin VisualStudioSourceCodeAccess
LogPluginManager: Mounting plugin XCodeSourceCodeAccess
LogPluginManager: Mounting plugin AssetManagerEditor
LogPluginManager: Mounting plugin AudioCapture
LogPluginManager: Mounting plugin FacialAnimation
LogPluginManager: Mounting plugin GameplayTagsEditor
LogPluginManager: Mounting plugin MobileLauncherProfileWizard
LogPluginManager: Mounting plugin PluginBrowser
LogPluginManager: Mounting plugin SpeedTreeImporter
LogPluginManager: Mounting plugin AlembicImporter
LogPluginManager: Mounting plugin CharacterAI
LogPluginManager: Mounting plugin HTML5Networking
LogPluginManager: Mounting plugin AndroidMedia
LogPluginManager: Mounting plugin AvfMedia
LogPluginManager: Mounting plugin MediaPlayerEditor
LogPluginManager: Mounting plugin WmfMedia
LogPluginManager: Mounting plugin TcpMessaging
LogPluginManager: Mounting plugin UdpMessaging
LogPluginManager: Mounting plugin LevelSequenceEditor
LogPluginManager: Mounting plugin MatineeToLevelSequence
LogPluginManager: Mounting plugin OnlineSubsystemGooglePlay
LogPluginManager: Mounting plugin OnlineSubsystemIOS
LogPluginManager: Mounting plugin OnlineSubsystem
LogPluginManager: Mounting plugin OnlineSubsystemNull
LogPluginManager: Mounting plugin OnlineSubsystemUtils
LogPluginManager: Mounting plugin AndroidDeviceProfileSelector
LogPluginManager: Mounting plugin AndroidMoviePlayer
LogPluginManager: Mounting plugin AndroidPermission
LogPluginManager: Mounting plugin AppleMoviePlayer
LogPluginManager: Mounting plugin ArchVisCharacter
LogPluginManager: Mounting plugin CableComponent
LogPluginManager: Mounting plugin CustomMeshComponent
LogPluginManager: Mounting plugin ExampleDeviceProfileSelector
LogPluginManager: Mounting plugin GoogleCloudMessaging
LogPluginManager: Mounting plugin ImmediatePhysics
LogPluginManager: Mounting plugin IOSDeviceProfileSelector
LogPluginManager: Mounting plugin LinuxDeviceProfileSelector
LogPluginManager: Mounting plugin LocationServicesBPLibrary
LogPluginManager: Mounting plugin MobilePatchingUtils
LogPluginManager: Mounting plugin OculusVR
LogPluginManager: Mounting plugin PhysXVehicles
LogPluginManager: Mounting plugin ProceduralMeshComponent
LogPluginManager: Mounting plugin RuntimePhysXCooking
LogPluginManager: Mounting plugin SteamVR
LogPluginManager: Mounting plugin WindowsMoviePlayer
LogInit: Using libcurl 7.47.1
LogInit:  - built for x86_64-pc-win32
LogInit:  - supports SSL with OpenSSL/1.0.2g
LogInit:  - supports HTTP deflate (compression) using libz 1.2.8
LogInit:  - other features:
LogInit:      CURL_VERSION_SSL
LogInit:      CURL_VERSION_LIBZ
LogInit:      CURL_VERSION_IPV6
LogInit:      CURL_VERSION_ASYNCHDNS
LogInit:      CURL_VERSION_LARGEFILE
LogInit:      CURL_VERSION_IDN
LogInit:  CurlRequestOptions (configurable via config and command line):
LogInit:  - bVerifyPeer = false  - Libcurl will NOT verify peer certificate
LogInit:  - bUseHttpProxy = false  - Libcurl will NOT use HTTP proxy
LogInit:  - bDontReuseConnections = false  - Libcurl will reuse connections
LogInit:  - CertBundlePath = nullptr  - Libcurl will use whatever was configured at build time.
LogInit: Build: ++UE4+Release-4.17-CL-3658906
LogInit: Engine Version: 4.17.2-3658906+++UE4+Release-4.17
LogInit: Compatible Engine Version: 4.17.0-3573198+++UE4+Release-4.17
LogInit: Net CL: 3573198
LogDevObjectVersion: Number of dev versions registered: 16
LogDevObjectVersion:   Dev-Blueprints (B0D832E4-1F89-4F0D-ACCF-7EB736FD4AA2): 10
LogDevObjectVersion:   Dev-Build (E1C64328-A22C-4D53-A36C-8E866417BD8C): 0
LogDevObjectVersion:   Dev-Core (375EC13C-06E4-48FB-B500-84F0262A717E): 2
LogDevObjectVersion:   Dev-Editor (E4B068ED-F494-42E9-A231-DA0B2E46BB41): 20
LogDevObjectVersion:   Dev-Framework (CFFC743F-43B0-4480-9391-14DF171D2073): 28
LogDevObjectVersion:   Dev-Mobile (B02B49B5-BB20-44E9-A304-32B752E40360): 0
LogDevObjectVersion:   Dev-Networking (A4E4105C-59A1-49B5-A7C5-40C4547EDFEE): 0
LogDevObjectVersion:   Dev-Online (39C831C9-5AE6-47DC-9A44-9C173E1C8E7C): 0
LogDevObjectVersion:   Dev-Physics (78F01B33-EBEA-4F98-B9B4-84EACCB95AA2): 0
LogDevObjectVersion:   Dev-Platform (6631380F-2D4D-43E0-8009-CF276956A95A): 0
LogDevObjectVersion:   Dev-Rendering (12F88B9F-8875-4AFC-A67C-D90C383ABD29): 19
LogDevObjectVersion:   Dev-Sequencer (7B5AE74C-D270-4C10-A958-57980B212A5A): 4
LogDevObjectVersion:   Dev-VR (D7296918-1DD6-4BDD-9DE2-64A83CC13884): 0
LogDevObjectVersion:   Dev-LoadTimes (C2A15278-BFE7-4AFE-6C17-90FF531DF755): 1
LogDevObjectVersion:   Private-Geometry (6EACA3D4-40EC-4CC1-B786-8BED09428FC5): 1
LogDevObjectVersion:   Dev-AnimPhys (29E575DD-E0A3-4627-9D10-D276232CDCEA): 7
LogInit: Compiled (64-bit): Sep 22 2017 13:47:16
LogInit: Compiled with Visual C++: 19.00.24215.01
LogInit: Build Configuration: Development
LogInit: Branch Name: ++UE4+Release-4.17
LogInit: Command line:  
LogInit: Base directory: D:/Program Files/UE_4.17/Engine/Binaries/Win64/
LogInit: Installed Engine Build: 1
LogInit: Presizing for max 8388607 objects, including 0 objects not considered by GC, pre-allocating 0 bytes for permanent pool.
LogInit: Object subsystem initialized
[2018.03.22-16.34.04:622][  0]LogInit: Selected Device Profile: [Windows]
[2018.03.22-16.34.04:622][  0]LogInit: Applying CVar settings loaded from the selected device profile: [Windows]
[2018.03.22-16.34.04:705][  0]LogInit: Computer: MSI
[2018.03.22-16.34.04:705][  0]LogInit: User: Lug
[2018.03.22-16.34.04:705][  0]LogInit: CPU Page size=4096, Cores=4
[2018.03.22-16.34.04:705][  0]LogInit: High frequency timer resolution =2.742189 MHz
[2018.03.22-16.34.04:706][  0]LogMemory: Memory total: Physical=15.9GB (16GB approx)
[2018.03.22-16.34.04:713][  0]LogMemory: Platform Memory Stats for Windows
[2018.03.22-16.34.04:713][  0]LogMemory: Process Physical Memory: 281.78 MB used, 281.78 MB peak
[2018.03.22-16.34.04:713][  0]LogMemory: Process Virtual Memory: 291.63 MB used, 291.63 MB peak
[2018.03.22-16.34.04:713][  0]LogMemory: Physical Memory: 4242.10 MB used,  12029.24 MB free, 16271.34 MB total
[2018.03.22-16.34.04:713][  0]LogMemory: Virtual Memory: 715.39 MB used,  12029.24 MB free, 134217728.00 MB total
[2018.03.22-16.34.06:300][  0]LogInit: Using OS detected language (fr-FR).
[2018.03.22-16.34.06:300][  0]LogInit: Using OS detected locale (fr-FR).
[2018.03.22-16.34.06:453][  0]LogTextLocalizationManager: No localization for 'fr-FR' exists, so 'en' will be used for the language.
[2018.03.22-16.34.06:454][  0]LogTextLocalizationManager: No localization for 'fr-FR' exists, so 'en' will be used for the locale.
[2018.03.22-16.34.09:288][  0]LogD3D11RHI: D3D11 adapters:
[2018.03.22-16.34.09:350][  0]LogD3D11RHI:    0. 'NVIDIA GeForce GTX 1060' (Feature Level 11_0)
[2018.03.22-16.34.09:350][  0]LogD3D11RHI:       6084/0/8135 MB DedicatedVideo/DedicatedSystem/SharedSystem, Outputs:2, VendorId:0x10de
[2018.03.22-16.34.09:365][  0]LogD3D11RHI:    1. 'Intel(R) HD Graphics 630' (Feature Level 11_0)
[2018.03.22-16.34.09:365][  0]LogD3D11RHI:       128/0/8135 MB DedicatedVideo/DedicatedSystem/SharedSystem, Outputs:0, VendorId:0x8086
[2018.03.22-16.34.09:368][  0]LogD3D11RHI:    2. 'Microsoft Basic Render Driver' (Feature Level 11_0)
[2018.03.22-16.34.09:368][  0]LogD3D11RHI:       0/0/8135 MB DedicatedVideo/DedicatedSystem/SharedSystem, Outputs:0, VendorId:0x1414
[2018.03.22-16.34.09:368][  0]LogD3D11RHI: Chosen D3D11 Adapter: 0
[2018.03.22-16.34.09:388][  0]LogD3D11RHI: Creating new Direct3DDevice
[2018.03.22-16.34.09:389][  0]LogD3D11RHI:     GPU DeviceId: 0x1c20 (for the marketing name, search the web for "GPU Device Id")
[2018.03.22-16.34.09:389][  0]LogWindows: EnumDisplayDevices:
[2018.03.22-16.34.09:389][  0]LogWindows:    0. 'Intel(R) HD Graphics 630' (P:1 D:1)
[2018.03.22-16.34.09:389][  0]LogWindows:    1. 'Intel(R) HD Graphics 630' (P:0 D:0)
[2018.03.22-16.34.09:389][  0]LogWindows:    2. 'Intel(R) HD Graphics 630' (P:0 D:0)
[2018.03.22-16.34.09:390][  0]LogWindows:    3. 'NVIDIA GeForce GTX 1060' (P:0 D:1)
[2018.03.22-16.34.09:390][  0]LogWindows:    4. 'NVIDIA GeForce GTX 1060' (P:0 D:0)
[2018.03.22-16.34.09:390][  0]LogWindows:    5. 'NVIDIA GeForce GTX 1060' (P:0 D:0)
[2018.03.22-16.34.09:390][  0]LogWindows:    6. 'NVIDIA GeForce GTX 1060' (P:0 D:0)
[2018.03.22-16.34.09:390][  0]LogWindows: DebugString: GetVideoDriverDetailsInvalid PrimaryIsNotTheChoosenAdapter GetVideoDriverDetailsInvalid PrimaryIsNotTheChoosenAdapter GetVideoDriverDetailsInvalid PrimaryIsNotTheChoosenAdapter GetVideoDriverDetailsInvalid PrimaryIsNotTheChoosenAdapter GetVideoDriverDetailsInvalid PrimaryIsNotTheChoosenAdapter GetVideoDriverDetailsInvalid PrimaryIsNotTheChoosenAdapter GetVideoDriverDetailsInvalid PrimaryIsNotTheChoosenAdapter FoundDriverCount:0 
[2018.03.22-16.34.09:390][  0]LogD3D11RHI:     Adapter Name: NVIDIA GeForce GTX 1060
[2018.03.22-16.34.09:390][  0]LogD3D11RHI:   Driver Version: Unknown (internal:Unknown, unified:Unknown)
[2018.03.22-16.34.09:390][  0]LogD3D11RHI:      Driver Date: Unknown
[2018.03.22-16.34.09:390][  0]LogRHI: Texture pool is 1361 MB (70% of 1945 MB)
[2018.03.22-16.34.09:423][  0]LogD3D11RHI: Async texture creation enabled
[2018.03.22-16.34.09:756][  0]LogD3D11RHI: GPU Timing Frequency: 1000.000000 (Debug: 2 1)
[2018.03.22-16.34.09:900][  0]LogShaderCompilers: Guid format shader working directory is -11 characters bigger than the processId version (C:/Users/Lug/Documents/Unreal Projects/Kter/SideScoller/Intermediate/Shaders/WorkingDirectory/4568/).
[2018.03.22-16.34.09:900][  0]LogShaderCompilers: Cleaned the shader compiler working directory 'C:/Users/Lug/AppData/Local/Temp/UnrealShaderWorkingDir/9B6EABED4FFA2FD421D3ADA772F31246/'.
[2018.03.22-16.34.09:926][  0]LogShaderCompilers: Display: Using Local Shader Compiler.
[2018.03.22-16.34.12:801][  0]LogTemp: Display: Loaded TP AllDesktopTargetPlatform
[2018.03.22-16.34.12:841][  0]LogTemp: Display: Loaded TP MacClientTargetPlatform
[2018.03.22-16.34.12:888][  0]LogTemp: Display: Loaded TP MacNoEditorTargetPlatform
[2018.03.22-16.34.12:933][  0]LogTemp: Display: Loaded TP MacServerTargetPlatform
[2018.03.22-16.34.12:987][  0]LogTemp: Display: Loaded TP MacTargetPlatform
[2018.03.22-16.34.13:030][  0]LogTemp: Display: Loaded TP WindowsClientTargetPlatform
[2018.03.22-16.34.13:070][  0]LogTemp: Display: Loaded TP WindowsNoEditorTargetPlatform
[2018.03.22-16.34.13:112][  0]LogTemp: Display: Loaded TP WindowsServerTargetPlatform
[2018.03.22-16.34.13:144][  0]LogTemp: Display: Loaded TP WindowsTargetPlatform
[2018.03.22-16.34.13:188][  0]LogTemp: Display: Loaded TP AndroidTargetPlatform
[2018.03.22-16.34.13:233][  0]LogTemp: Display: Loaded TP Android_ASTCTargetPlatform
[2018.03.22-16.34.13:272][  0]LogTemp: Display: Loaded TP Android_ATCTargetPlatform
[2018.03.22-16.34.13:310][  0]LogTemp: Display: Loaded TP Android_DXTTargetPlatform
[2018.03.22-16.34.13:351][  0]LogTemp: Display: Loaded TP Android_ETC1TargetPlatform
[2018.03.22-16.34.13:393][  0]LogTemp: Display: Loaded TP Android_ETC2TargetPlatform
[2018.03.22-16.34.13:473][  0]LogTemp: Display: Loaded TP Android_MultiTargetPlatform
[2018.03.22-16.34.13:473][  0]LogTemp: Display: Loaded TP Android_PVRTCTargetPlatform
[2018.03.22-16.34.13:505][  0]LogTemp: Display: Loaded TP HTML5TargetPlatform
[2018.03.22-16.34.13:798][  0]LogTemp: Display: Loaded TP IOSTargetPlatform
[2018.03.22-16.34.13:822][  0]LogTemp: Display: Loaded TP TVOSTargetPlatform
[2018.03.22-16.34.13:862][  0]LogTemp: Display: Loaded TP LinuxClientTargetPlatform
[2018.03.22-16.34.13:900][  0]LogTemp: Display: Loaded TP LinuxNoEditorTargetPlatform
[2018.03.22-16.34.13:938][  0]LogTemp: Display: Loaded TP LinuxServerTargetPlatform
[2018.03.22-16.34.13:978][  0]LogTemp: Display: Loaded TP LinuxTargetPlatform
[2018.03.22-16.34.13:978][  0]LogTargetPlatformManager: Display: Building Assets For Windows
[2018.03.22-16.34.15:131][  0]LogDerivedDataCache: Display: Max Cache Size: 512 MB
[2018.03.22-16.34.15:405][  0]LogDerivedDataCache: Loaded boot cache 0.27s 93MB C:/Users/Lug/AppData/Local/UnrealEngine/4.17/DerivedDataCache/Boot.ddc.
[2018.03.22-16.34.15:405][  0]LogDerivedDataCache: Display: Loaded Boot cache: C:/Users/Lug/AppData/Local/UnrealEngine/4.17/DerivedDataCache/Boot.ddc
[2018.03.22-16.34.15:405][  0]LogDerivedDataCache: FDerivedDataBackendGraph:  Pak pak cache file C:/Users/Lug/Documents/Unreal Projects/Kter/SideScoller/DerivedDataCache/DDC.ddp not found, will not use a pak cache.
[2018.03.22-16.34.15:405][  0]LogDerivedDataCache: Unable to find inner node Pak for hierarchical cache Hierarchy.
[2018.03.22-16.34.15:405][  0]LogDerivedDataCache: FDerivedDataBackendGraph:  CompressedPak pak cache file C:/Users/Lug/Documents/Unreal Projects/Kter/SideScoller/DerivedDataCache/Compressed.ddp not found, will not use a pak cache.
[2018.03.22-16.34.15:405][  0]LogDerivedDataCache: Unable to find inner node CompressedPak for hierarchical cache Hierarchy.
[2018.03.22-16.34.15:516][  0]LogDerivedDataCache: Display: Pak cache opened for reading ../../../Engine/DerivedDataCache/Compressed.ddp.
[2018.03.22-16.34.15:529][  0]LogDerivedDataCache: Using Local data cache path C:/Users/Lug/AppData/Local/UnrealEngine/Common/DerivedDataCache: Writable
[2018.03.22-16.34.15:594][  0]LogMaterial: Verifying Global Shaders for PCD3D_SM5
[2018.03.22-16.34.15:678][  0]LogSlate: Using Freetype 2.6.0
[2018.03.22-16.34.15:752][  0]LogSlate: SlateFontCache - WITH_FREETYPE: 1, WITH_HARFBUZZ: 1
[2018.03.22-16.34.15:759][  0]LogSlate: SlateFontCache - WITH_FREETYPE: 1, WITH_HARFBUZZ: 1
[2018.03.22-16.34.22:489][  0]LogAssetRegistry: FAssetRegistry took 0.0678 seconds to start up
[2018.03.22-16.34.23:202][  0]LogInit: Selected Device Profile: [Windows]
[2018.03.22-16.34.25:749][  0]LogSimplygon: Simplygon DLL not present - disabling.
[2018.03.22-16.34.25:812][  0]LogMeshReduction: Using SimplygonSwarm for distributed automatic mesh merging
[2018.03.22-16.34.25:821][  0]LogMeshReduction: Using QuadricMeshReduction for automatic static mesh reduction
[2018.03.22-16.34.25:822][  0]LogMeshReduction: No automatic skeletal mesh reduction module available
[2018.03.22-16.34.25:822][  0]LogMeshReduction: No automatic mesh merging module available
[2018.03.22-16.34.25:822][  0]LogMeshMerging: No automatic mesh merging module available
[2018.03.22-16.34.25:919][  0]LogContentStreaming: Texture pool size is 0.00 MB
[2018.03.22-16.34.28:071][  0]LogNetVersion: SideScoller , NetCL: 3573198, EngineNetVer: 2, GameNetVer: 0 (Checksum: 3887992840)
[2018.03.22-16.34.28:942][  0]LogPackageLocalizationCache: Processed 5 localized package path(s) for 1 prioritized culture(s) in 0.041355 seconds
[2018.03.22-16.34.28:948][  0]LogUObjectArray: 35825 objects as part of root set at end of initial load.
[2018.03.22-16.34.28:948][  0]LogUObjectAllocator: 7529112 out of 0 bytes used by permanent object pool.
[2018.03.22-16.34.28:948][  0]LogUObjectArray: CloseDisregardForGC: 0/0 objects in disregard for GC pool
[2018.03.22-16.34.29:033][  0]LogInit: WinSock: version 1.1 (2.2), MaxSocks=32767, MaxUdp=65467
[2018.03.22-16.34.40:987][  0]LogTcpMessaging: Initializing TcpMessaging bridge
[2018.03.22-16.34.41:033][  0]LogUdpMessaging: Initializing bridge on interface 0.0.0.0:0 to multicast group 230.0.0.1:6666.
[2018.03.22-16.34.42:136][  0]LogMaterial: Uniform references updated for custom material expression Custom.
[2018.03.22-16.34.42:780][  0]SourceControl: Source control is disabled
[2018.03.22-16.34.42:780][  0]SourceControl: Source control is disabled
[2018.03.22-16.34.42:869][  0]SourceControl: Source control is disabled
[2018.03.22-16.34.42:916][  0]SourceControl: Source control is disabled
[2018.03.22-16.34.43:760][  0]LogAndroidPermission: UAndroidPermissionCallbackProxy::GetInstance
[2018.03.22-16.34.43:979][  0]LogOcInput: OculusInput pre-init called
[2018.03.22-16.34.44:453][  0]LogEngine: Initializing Engine...
[2018.03.22-16.34.44:483][  0]LogHMD: Failed to initialize OpenVR with code 110
[2018.03.22-16.34.45:020][  0]LogStats: UGameplayTagsManager::ConstructGameplayTagTree: Construct from data asset -  0.000 s
[2018.03.22-16.34.45:021][  0]LogStats: UGameplayTagsManager::ConstructGameplayTagTree: GameplayTagTreeChangedEvent.Broadcast -  0.001 s
[2018.03.22-16.34.45:407][  0]LogAIModule: Creating AISystem for world Untitled
[2018.03.22-16.34.45:500][  0]LogInit: XAudio2 using 'PLE2483H-C (NVIDIA High Definition Audio)' : 2 channels at 48 kHz using 16 bits per sample (channel mask 0x3)
[2018.03.22-16.34.45:535][  0]LogInit: FAudioDevice initialized.
[2018.03.22-16.34.45:606][  0]LogDerivedDataCache: Saved boot cache 0.07s 93MB C:/Users/Lug/AppData/Local/UnrealEngine/4.17/DerivedDataCache/Boot.ddc.
[2018.03.22-16.34.45:627][  0]LogInit: Texture streaming: Enabled
[2018.03.22-16.34.45:744][  0]LogEngineSessionManager: EngineSessionManager initialized
[2018.03.22-16.34.45:744][  0]LogEngineSessionManager: EngineSessionManager sent abnormal shutdown report. Type=AbnormalShutdown, SessionId={D5095D78-455F-C335-6A02-3C81CD34FD80}
[2018.03.22-16.34.46:270][  0]LogInit: Transaction tracking system initialized
[2018.03.22-16.34.46:699][  0]BlueprintLog: New page: Editor Load
[2018.03.22-16.34.48:052][  0]LocalizationService: Localization service is disabled
[2018.03.22-16.34.49:150][  0]LogConsoleResponse: Display: 
[2018.03.22-16.34.50:763][  0]LogCook: Display: Max memory allowance for cook 16384mb min free memory 0mb
[2018.03.22-16.34.50:763][  0]LogCook: Display: Mobile HDR setting 1
[2018.03.22-16.34.50:792][  0]LogFileCache: Scanning file cache for directory 'C:/Users/Lug/Documents/Unreal Projects/Kter/SideScoller/Content/' took 0.02s
[2018.03.22-16.34.50:792][  0]LogGameplayTags: Display: UGameplayTagsManager::DoneAddingNativeTags. DelegateIsBound: 0
[2018.03.22-16.34.52:962][  0]SourceControl: Source control is disabled
[2018.03.22-16.34.53:223][  0]LogSlate: Took 0.014050 seconds to synchronously load lazily loaded font '../../../Engine/Content/Slate/Fonts/Roboto-Regular.ttf' (155K)
[2018.03.22-16.34.59:073][  0]LogWindowsTextInputMethodSystem: Display: IME system now deactivated.
[2018.03.22-16.34.59:091][  0]LogWindowsTextInputMethodSystem: Display: IME system now deactivated.
[2018.03.22-16.35.01:035][  0]LogWindowsTextInputMethodSystem: Display: IME system now deactivated.
[2018.03.22-16.35.01:089][  0]LogWindowsTextInputMethodSystem: Display: IME system now deactivated.
[2018.03.22-16.35.01:090][  0]Cmd: MAP LOAD FILE="C:/Users/Lug/Documents/Unreal Projects/Kter/SideScoller/Content/SideScrollerBP/Maps/SideScrollerExampleMap.umap" TEMPLATE=0 SHOWPROGRESS=1 FEATURELEVEL=3
[2018.03.22-16.35.01:091][  0]LightingResults: New page: Lighting Build
[2018.03.22-16.35.01:132][  0]MapCheck: New page: Map Check
[2018.03.22-16.35.01:132][  0]LightingResults: New page: Lighting Build
[2018.03.22-16.35.02:158][  0]LogAIModule: Creating AISystem for world SideScrollerExampleMap
[2018.03.22-16.35.02:257][  0]LogEditorServer: Finished looking for orphan Actors (0.000 secs)
[2018.03.22-16.35.02:279][  0]Cmd: MAP CHECKDEP NOCLEARLOG
[2018.03.22-16.35.02:342][  0]MapCheck: Map check complete: 0 Error(s), 0 Warning(s), took 63.753ms to complete.
[2018.03.22-16.35.02:342][  0]LogFileHelpers: Loading map 'SideScrollerExampleMap' took 1.253
[2018.03.22-16.35.02:896][  0]LogStats: Warning: MetaData mismatch. Did you assign a stat to two groups? New //STATGROUP_Threads//SplashScreenThread///Thread_269c_0///####STATCAT_Advanced#### old //STATGROUP_Threads//SplashScreenThread///Thread_32d4_0///####STATCAT_Advanced####
[2018.03.22-16.35.02:896][  0]LogCollectionManager: Loaded 0 collections in 0.001128 seconds
[2018.03.22-16.35.03:014][  0]LogFileCache: Scanning file cache for directory 'C:/Users/Lug/Documents/Unreal Projects/Kter/SideScoller/Saved/Collections/' took 0.01s
[2018.03.22-16.35.03:015][  0]LogFileCache: Scanning file cache for directory 'C:/Users/Lug/Documents/Unreal Projects/Kter/SideScoller/Content/Developers/Lug/Collections/' took 0.01s
[2018.03.22-16.35.03:015][  0]LogFileCache: Scanning file cache for directory 'C:/Users/Lug/Documents/Unreal Projects/Kter/SideScoller/Content/Collections/' took 0.01s
[2018.03.22-16.35.03:015][  0]LogCollectionManager: Rebuilt the GUID cache for 0 collections in 0.000000 seconds
[2018.03.22-16.35.03:026][  0]LogContentBrowser: Native class hierarchy populated in 0.0085 seconds. Added 2386 classes and 500 folders.
[2018.03.22-16.35.03:091][  0]LogContentBrowser: Native class hierarchy updated for 'WidgetCarousel' in 0.0013 seconds. Added 0 classes and 0 folders.
[2018.03.22-16.35.03:801][  0]LogContentBrowser: Native class hierarchy updated for 'AddContentDialog' in 0.0006 seconds. Added 0 classes and 0 folders.
[2018.03.22-16.35.03:952][  0]LogContentBrowser: Native class hierarchy updated for 'WorldBrowser' in 0.0006 seconds. Added 2 classes and 3 folders.
[2018.03.22-16.35.04:042][  0]LogContentBrowser: Native class hierarchy updated for 'SceneOutliner' in 0.0006 seconds. Added 1 classes and 2 folders.
[2018.03.22-16.35.04:119][  0]LogSlate: Took 0.010256 seconds to synchronously load lazily loaded font '../../../Engine/Content/Slate/Fonts/Roboto-Bold.ttf' (160K)
[2018.03.22-16.35.04:140][  0]LogSlate: Took 0.016301 seconds to synchronously load lazily loaded font '../../../Engine/Content/Editor/Slate/Fonts/FontAwesome.ttf' (139K)
[2018.03.22-16.35.04:399][  0]LogRenderer: Reallocating scene render targets to support 1208x592 Format 10 NumSamples 1 (Frame:1).
[2018.03.22-16.35.04:627][  0]LogContentBrowser: Native class hierarchy updated for 'HierarchicalLODOutliner' in 0.0007 seconds. Added 1 classes and 2 folders.
[2018.03.22-16.35.04:627][  0]LogLoad: (Engine Initialization) Total time: 66.13 seconds
[2018.03.22-16.35.04:627][  0]LogLoad: (Engine Initialization) Total Blueprint compile time: 0.00 seconds
[2018.03.22-16.35.04:628][  0]LogExternalProfiler: No external profilers were discovered.  External profiling features will not be available.
[2018.03.22-16.35.04:671][  0]LogContentStreaming: Texture pool size now 1000 MB
[2018.03.22-16.35.04:736][  0]LogSlate: Took 0.002749 seconds to synchronously load lazily loaded font '../../../Engine/Content/Slate/Fonts/Roboto-Light.ttf' (159K)
[2018.03.22-16.35.04:772][  1]LogAssetRegistry: Asset discovery search completed in 42.3207 seconds
[2018.03.22-16.35.04:774][  1]LogCollectionManager: Rebuilt the object cache for 0 collections in 0.000000 seconds (found 0 objects)
[2018.03.22-16.35.04:774][  1]LogCollectionManager: Fixed up redirectors for 0 collections in 0.000042 seconds (updated 0 objects)
[2018.03.22-16.35.05:662][ 86]LogSlate: Took 0.000309 seconds to synchronously load lazily loaded font '../../../Engine/Content/Slate/Fonts/Roboto-Light.ttf' (159K)
[2018.03.22-16.35.07:493][282]LogSlate: Took 0.000176 seconds to synchronously load lazily loaded font '../../../Engine/Content/Slate/Fonts/Roboto-Light.ttf' (159K)
[2018.03.22-16.35.12:190][786]LogEditorViewport: Clicking on Actor (LMB): SideScrollerCharacter_C (SideScrollerCharacter)
[2018.03.22-16.35.13:131][835]LogSlate: Took 0.015210 seconds to synchronously load lazily loaded font '../../../Engine/Content/Editor/Slate/Fonts/Roboto-Italic.ttf' (157K)
[2018.03.22-16.35.15:128][957]LogContentBrowser: Native class hierarchy updated for 'BlueprintGraph' in 0.0010 seconds. Added 113 classes and 0 folders.
[2018.03.22-16.35.16:174][957]LogSlate: Took 0.009790 seconds to synchronously load lazily loaded font '../../../Engine/Content/Editor/Slate/Fonts/Roboto-BoldCondensed.ttf' (158K)
[2018.03.22-16.35.22:215][199]LogTemp: Repeating last play command: Selected Viewport
[2018.03.22-16.35.22:258][199]LogBlueprintUserMessages: Early PlayInEditor Detection: Level '/Game/SideScrollerBP/Maps/SideScrollerExampleMap.SideScrollerExampleMap:PersistentLevel' has LevelScriptBlueprint '/Game/SideScrollerBP/Maps/SideScrollerExampleMap.SideScrollerExampleMap:PersistentLevel.SideScrollerExampleMap' with GeneratedClass '/Game/SideScrollerBP/Maps/SideScrollerExampleMap.SideScrollerExampleMap_C' with ClassGeneratedBy '/Game/SideScrollerBP/Maps/SideScrollerExampleMap.SideScrollerExampleMap:PersistentLevel.SideScrollerExampleMap'
[2018.03.22-16.35.22:258][199]LogPlayLevel: PlayLevel: No blueprints needed recompiling
[2018.03.22-16.35.22:258][199]PIE: New page: PIE session: SideScrollerExampleMap (Mar 22, 2018, 6:35:22 PM)
[2018.03.22-16.35.22:258][199]LogPlayLevel: Creating play world package: /Game/SideScrollerBP/Maps/UEDPIE_0_SideScrollerExampleMap
[2018.03.22-16.35.22:276][199]LogPlayLevel: PIE: StaticDuplicateObject took: (0.017810s)
[2018.03.22-16.35.22:277][199]LogAIModule: Creating AISystem for world SideScrollerExampleMap
[2018.03.22-16.35.22:278][199]LogPlayLevel: PIE: World Init took: (0.001306s)
[2018.03.22-16.35.22:278][199]LogPlayLevel: PIE: Created PIE world by copying editor world from /Game/SideScrollerBP/Maps/SideScrollerExampleMap.SideScrollerExampleMap to /Game/SideScrollerBP/Maps/UEDPIE_0_SideScrollerExampleMap.SideScrollerExampleMap (0.019544s)
[2018.03.22-16.35.22:380][199]LogInit: XAudio2 using 'PLE2483H-C (NVIDIA High Definition Audio)' : 2 channels at 48 kHz using 16 bits per sample (channel mask 0x3)
[2018.03.22-16.35.22:394][199]LogInit: FAudioDevice initialized.
[2018.03.22-16.35.22:444][199]LogLoad: Game class is 'SideScrollerGameMode_C'
[2018.03.22-16.35.22:448][199]LogWorld: Bringing World /Game/SideScrollerBP/Maps/UEDPIE_0_SideScrollerExampleMap.SideScrollerExampleMap up for play (max tick rate 0) at 2018.03.22-17.35.22
[2018.03.22-16.35.22:448][199]LogWorld: Bringing up level for play took: 0.002202
[2018.03.22-16.35.22:477][199]LogContentBrowser: Native class hierarchy updated for 'MovieSceneCapture' in 0.0006 seconds. Added 11 classes and 0 folders.
[2018.03.22-16.35.22:478][199]PIE: Play in editor start time for /Game/SideScrollerBP/Maps/UEDPIE_0_SideScrollerExampleMap -0.61
[2018.03.22-16.35.22:478][199]LogBlueprintUserMessages: Late PlayInEditor Detection: Level '/Game/SideScrollerBP/Maps/SideScrollerExampleMap.SideScrollerExampleMap:PersistentLevel' has LevelScriptBlueprint '/Game/SideScrollerBP/Maps/SideScrollerExampleMap.SideScrollerExampleMap:PersistentLevel.SideScrollerExampleMap' with GeneratedClass '/Game/SideScrollerBP/Maps/SideScrollerExampleMap.SideScrollerExampleMap_C' with ClassGeneratedBy '/Game/SideScrollerBP/Maps/SideScrollerExampleMap.SideScrollerExampleMap:PersistentLevel.SideScrollerExampleMap'
[2018.03.22-16.35.25:246][359]LogBlueprintUserMessages: [SideScrollerCharacter_78] little
[2018.03.22-16.35.25:909][396]LogBlueprintUserMessages: [SideScrollerCharacter_78] basic
[2018.03.22-16.35.26:514][431]LogBlueprintUserMessages: [SideScrollerCharacter_78] big
[2018.03.22-16.35.27:324][477]LogBlueprintUserMessages: [SideScrollerCharacter_78] basic
[2018.03.22-16.35.28:077][521]LogBlueprintUserMessages: [SideScrollerCharacter_78] big
[2018.03.22-16.35.28:575][550]LogBlueprintUserMessages: [SideScrollerCharacter_78] basic
[2018.03.22-16.35.28:867][567]LogBlueprintUserMessages: [SideScrollerCharacter_78] little
[2018.03.22-16.35.29:693][615]LogBlueprintUserMessages: [SideScrollerCharacter_78] basic
[2018.03.22-16.35.30:141][641]LogBlueprintUserMessages: [SideScrollerCharacter_78] big
[2018.03.22-16.35.30:518][663]LogBlueprintUserMessages: [SideScrollerCharacter_78] basic
[2018.03.22-16.35.30:826][681]LogBlueprintUserMessages: [SideScrollerCharacter_78] little
[2018.03.22-16.35.31:422][716]LogBlueprintUserMessages: [SideScrollerCharacter_78] basic
[2018.03.22-16.35.31:680][731]LogBlueprintUserMessages: [SideScrollerCharacter_78] big
[2018.03.22-16.35.41:149][285]LogBlueprintUserMessages: Early EndPlayMap Detection: Level '/Game/SideScrollerBP/Maps/SideScrollerExampleMap.SideScrollerExampleMap:PersistentLevel' has LevelScriptBlueprint '/Game/SideScrollerBP/Maps/SideScrollerExampleMap.SideScrollerExampleMap:PersistentLevel.SideScrollerExampleMap' with GeneratedClass '/Game/SideScrollerBP/Maps/SideScrollerExampleMap.SideScrollerExampleMap_C' with ClassGeneratedBy '/Game/SideScrollerBP/Maps/SideScrollerExampleMap.SideScrollerExampleMap:PersistentLevel.SideScrollerExampleMap'
[2018.03.22-16.35.41:565][285]LogBlueprintUserMessages: Late EndPlayMap Detection: Level '/Game/SideScrollerBP/Maps/SideScrollerExampleMap.SideScrollerExampleMap:PersistentLevel' has LevelScriptBlueprint '/Game/SideScrollerBP/Maps/SideScrollerExampleMap.SideScrollerExampleMap:PersistentLevel.SideScrollerExampleMap' with GeneratedClass '/Game/SideScrollerBP/Maps/SideScrollerExampleMap.SideScrollerExampleMap_C' with ClassGeneratedBy '/Game/SideScrollerBP/Maps/SideScrollerExampleMap.SideScrollerExampleMap:PersistentLevel.SideScrollerExampleMap'
[2018.03.22-16.36.49:981][730]BlueprintLog: New page: Compile SideScrollerCharacter
[2018.03.22-16.37.08:326][594]BlueprintLog: New page: Compile SideScrollerCharacter
[2018.03.22-16.37.12:651][793]LogTemp: Repeating last play command: Selected Viewport
[2018.03.22-16.37.12:679][793]LogBlueprintUserMessages: Early PlayInEditor Detection: Level '/Game/SideScrollerBP/Maps/SideScrollerExampleMap.SideScrollerExampleMap:PersistentLevel' has LevelScriptBlueprint '/Game/SideScrollerBP/Maps/SideScrollerExampleMap.SideScrollerExampleMap:PersistentLevel.SideScrollerExampleMap' with GeneratedClass '/Game/SideScrollerBP/Maps/SideScrollerExampleMap.SideScrollerExampleMap_C' with ClassGeneratedBy '/Game/SideScrollerBP/Maps/SideScrollerExampleMap.SideScrollerExampleMap:PersistentLevel.SideScrollerExampleMap'
[2018.03.22-16.37.12:679][793]LogPlayLevel: PlayLevel: No blueprints needed recompiling
[2018.03.22-16.37.12:679][793]PIE: New page: PIE session: SideScrollerExampleMap (Mar 22, 2018, 6:37:12 PM)
[2018.03.22-16.37.12:679][793]LogPlayLevel: Creating play world package: /Game/SideScrollerBP/Maps/UEDPIE_0_SideScrollerExampleMap
[2018.03.22-16.37.12:697][793]LogPlayLevel: PIE: StaticDuplicateObject took: (0.018584s)
[2018.03.22-16.37.12:699][793]LogAIModule: Creating AISystem for world SideScrollerExampleMap
[2018.03.22-16.37.12:699][793]LogPlayLevel: PIE: World Init took: (0.001487s)
[2018.03.22-16.37.12:699][793]LogPlayLevel: PIE: Created PIE world by copying editor world from /Game/SideScrollerBP/Maps/SideScrollerExampleMap.SideScrollerExampleMap to /Game/SideScrollerBP/Maps/UEDPIE_0_SideScrollerExampleMap.SideScrollerExampleMap (0.020523s)
[2018.03.22-16.37.12:801][793]LogInit: XAudio2 using 'PLE2483H-C (NVIDIA High Definition Audio)' : 2 channels at 48 kHz using 16 bits per sample (channel mask 0x3)
[2018.03.22-16.37.12:815][793]LogInit: FAudioDevice initialized.
[2018.03.22-16.37.12:853][793]LogLoad: Game class is 'SideScrollerGameMode_C'
[2018.03.22-16.37.12:856][793]LogWorld: Bringing World /Game/SideScrollerBP/Maps/UEDPIE_0_SideScrollerExampleMap.SideScrollerExampleMap up for play (max tick rate 0) at 2018.03.22-17.37.12
[2018.03.22-16.37.12:856][793]LogWorld: Bringing up level for play took: 0.002681
[2018.03.22-16.37.12:857][793]PIE: Play in editor start time for /Game/SideScrollerBP/Maps/UEDPIE_0_SideScrollerExampleMap -0.231
[2018.03.22-16.37.12:857][793]LogBlueprintUserMessages: Late PlayInEditor Detection: Level '/Game/SideScrollerBP/Maps/SideScrollerExampleMap.SideScrollerExampleMap:PersistentLevel' has LevelScriptBlueprint '/Game/SideScrollerBP/Maps/SideScrollerExampleMap.SideScrollerExampleMap:PersistentLevel.SideScrollerExampleMap' with GeneratedClass '/Game/SideScrollerBP/Maps/SideScrollerExampleMap.SideScrollerExampleMap_C' with ClassGeneratedBy '/Game/SideScrollerBP/Maps/SideScrollerExampleMap.SideScrollerExampleMap:PersistentLevel.SideScrollerExampleMap'
[2018.03.22-16.37.14:311][874]LogBlueprintUserMessages: [SideScrollerCharacter_78] little
[2018.03.22-16.37.15:158][923]LogBlueprintUserMessages: [SideScrollerCharacter_78] basic
[2018.03.22-16.37.15:830][962]LogBlueprintUserMessages: [SideScrollerCharacter_78] big
[2018.03.22-16.37.16:592][  8]LogBlueprintUserMessages: [SideScrollerCharacter_78] basic
[2018.03.22-16.37.17:232][ 46]LogBlueprintUserMessages: [SideScrollerCharacter_78] little
[2018.03.22-16.37.17:977][ 89]LogBlueprintUserMessages: [SideScrollerCharacter_78] basic
[2018.03.22-16.37.18:680][132]LogBlueprintUserMessages: [SideScrollerCharacter_78] big
[2018.03.22-16.37.19:388][174]LogBlueprintUserMessages: [SideScrollerCharacter_78] basic
[2018.03.22-16.37.20:016][212]LogBlueprintUserMessages: [SideScrollerCharacter_78] little
[2018.03.22-16.37.20:780][255]LogBlueprintUserMessages: [SideScrollerCharacter_78] basic
[2018.03.22-16.37.21:283][282]LogBlueprintUserMessages: [SideScrollerCharacter_78] big
[2018.03.22-16.37.21:751][308]LogBlueprintUserMessages: [SideScrollerCharacter_78] basic
[2018.03.22-16.37.22:181][333]LogBlueprintUserMessages: [SideScrollerCharacter_78] big
[2018.03.22-16.37.22:654][361]LogBlueprintUserMessages: [SideScrollerCharacter_78] basic
[2018.03.22-16.37.22:902][375]LogBlueprintUserMessages: [SideScrollerCharacter_78] little
[2018.03.22-16.37.23:304][399]LogBlueprintUserMessages: [SideScrollerCharacter_78] basic
[2018.03.22-16.37.23:557][413]LogBlueprintUserMessages: [SideScrollerCharacter_78] big
[2018.03.22-16.37.24:154][450]LogBlueprintUserMessages: [SideScrollerCharacter_78] basic
[2018.03.22-16.37.24:373][463]LogBlueprintUserMessages: [SideScrollerCharacter_78] little
[2018.03.22-16.37.25:283][523]LogBlueprintUserMessages: [SideScrollerCharacter_78] basic
[2018.03.22-16.37.25:495][537]LogBlueprintUserMessages: [SideScrollerCharacter_78] big
[2018.03.22-16.37.27:427][667]LogBlueprintUserMessages: Early EndPlayMap Detection: Level '/Game/SideScrollerBP/Maps/SideScrollerExampleMap.SideScrollerExampleMap:PersistentLevel' has LevelScriptBlueprint '/Game/SideScrollerBP/Maps/SideScrollerExampleMap.SideScrollerExampleMap:PersistentLevel.SideScrollerExampleMap' with GeneratedClass '/Game/SideScrollerBP/Maps/SideScrollerExampleMap.SideScrollerExampleMap_C' with ClassGeneratedBy '/Game/SideScrollerBP/Maps/SideScrollerExampleMap.SideScrollerExampleMap:PersistentLevel.SideScrollerExampleMap'
[2018.03.22-16.37.27:501][667]LogBlueprintUserMessages: Late EndPlayMap Detection: Level '/Game/SideScrollerBP/Maps/SideScrollerExampleMap.SideScrollerExampleMap:PersistentLevel' has LevelScriptBlueprint '/Game/SideScrollerBP/Maps/SideScrollerExampleMap.SideScrollerExampleMap:PersistentLevel.SideScrollerExampleMap' with GeneratedClass '/Game/SideScrollerBP/Maps/SideScrollerExampleMap.SideScrollerExampleMap_C' with ClassGeneratedBy '/Game/SideScrollerBP/Maps/SideScrollerExampleMap.SideScrollerExampleMap:PersistentLevel.SideScrollerExampleMap'
[2018.03.22-16.37.46:994][723]LogSavePackage: Save=66.96ms
[2018.03.22-16.37.46:994][723]LogSavePackage: Moving 'C:/Users/Lug/Documents/Unreal Projects/Kter/SideScoller/Saved/SideScrollerExampleMap4F9119C945C5944F2156E491370DABCC.tmp' to 'C:/Users/Lug/Documents/Unreal Projects/Kter/SideScoller/Content/SideScrollerBP/Maps/SideScrollerExampleMap.umap'
[2018.03.22-16.37.46:999][723]LogSavePackage: Display: Finished SavePackage C:/Users/Lug/Documents/Unreal Projects/Kter/SideScoller/Content/SideScrollerBP/Maps/SideScrollerExampleMap.umap
[2018.03.22-16.37.47:340][723]LogSavePackage: Save=295.25ms
[2018.03.22-16.37.47:340][723]LogSavePackage: Moving 'C:/Users/Lug/Documents/Unreal Projects/Kter/SideScoller/Saved/SideScrollerExampleMap_BuiltData5DC7B5D0411C2A4B7EF10D9AB96C9464.tmp' to 'C:/Users/Lug/Documents/Unreal Projects/Kter/SideScoller/Content/SideScrollerBP/Maps/SideScrollerExampleMap_BuiltData.uasset'
[2018.03.22-16.37.47:342][723]LogSavePackage: Display: Finished SavePackage C:/Users/Lug/Documents/Unreal Projects/Kter/SideScoller/Content/SideScrollerBP/Maps/SideScrollerExampleMap_BuiltData.uasset
[2018.03.22-16.38.22:401][264]LogTemp: Repeating last play command: Selected Viewport
[2018.03.22-16.38.22:426][264]LogBlueprintUserMessages: Early PlayInEditor Detection: Level '/Game/SideScrollerBP/Maps/SideScrollerExampleMap.SideScrollerExampleMap:PersistentLevel' has LevelScriptBlueprint '/Game/SideScrollerBP/Maps/SideScrollerExampleMap.SideScrollerExampleMap:PersistentLevel.SideScrollerExampleMap' with GeneratedClass '/Game/SideScrollerBP/Maps/SideScrollerExampleMap.SideScrollerExampleMap_C' with ClassGeneratedBy '/Game/SideScrollerBP/Maps/SideScrollerExampleMap.SideScrollerExampleMap:PersistentLevel.SideScrollerExampleMap'
[2018.03.22-16.38.22:426][264]LogPlayLevel: PlayLevel: No blueprints needed recompiling
[2018.03.22-16.38.22:427][264]PIE: New page: PIE session: SideScrollerExampleMap (Mar 22, 2018, 6:38:22 PM)
[2018.03.22-16.38.22:427][264]LogPlayLevel: Creating play world package: /Game/SideScrollerBP/Maps/UEDPIE_0_SideScrollerExampleMap
[2018.03.22-16.38.22:451][264]LogPlayLevel: PIE: StaticDuplicateObject took: (0.023924s)
[2018.03.22-16.38.22:452][264]LogAIModule: Creating AISystem for world SideScrollerExampleMap
[2018.03.22-16.38.22:452][264]LogPlayLevel: PIE: World Init took: (0.001541s)
[2018.03.22-16.38.22:453][264]LogPlayLevel: PIE: Created PIE world by copying editor world from /Game/SideScrollerBP/Maps/SideScrollerExampleMap.SideScrollerExampleMap to /Game/SideScrollerBP/Maps/UEDPIE_0_SideScrollerExampleMap.SideScrollerExampleMap (0.025971s)
[2018.03.22-16.38.22:574][264]LogInit: XAudio2 using 'PLE2483H-C (NVIDIA High Definition Audio)' : 2 channels at 48 kHz using 16 bits per sample (channel mask 0x3)
[2018.03.22-16.38.22:592][264]LogInit: FAudioDevice initialized.
[2018.03.22-16.38.22:622][264]LogLoad: Game class is 'SideScrollerGameMode_C'
[2018.03.22-16.38.22:625][264]LogWorld: Bringing World /Game/SideScrollerBP/Maps/UEDPIE_0_SideScrollerExampleMap.SideScrollerExampleMap up for play (max tick rate 0) at 2018.03.22-17.38.22
[2018.03.22-16.38.22:626][264]LogWorld: Bringing up level for play took: 0.002594
[2018.03.22-16.38.22:627][264]PIE: Play in editor start time for /Game/SideScrollerBP/Maps/UEDPIE_0_SideScrollerExampleMap -0.461
[2018.03.22-16.38.22:627][264]LogBlueprintUserMessages: Late PlayInEditor Detection: Level '/Game/SideScrollerBP/Maps/SideScrollerExampleMap.SideScrollerExampleMap:PersistentLevel' has LevelScriptBlueprint '/Game/SideScrollerBP/Maps/SideScrollerExampleMap.SideScrollerExampleMap:PersistentLevel.SideScrollerExampleMap' with GeneratedClass '/Game/SideScrollerBP/Maps/SideScrollerExampleMap.SideScrollerExampleMap_C' with ClassGeneratedBy '/Game/SideScrollerBP/Maps/SideScrollerExampleMap.SideScrollerExampleMap:PersistentLevel.SideScrollerExampleMap'
[2018.03.22-16.38.36:089][768]LogBlueprintUserMessages: [SideScrollerCharacter_78] big
[2018.03.22-16.38.37:778][839]LogBlueprintUserMessages: [SideScrollerCharacter_78] basic
[2018.03.22-16.38.38:551][871]LogBlueprintUserMessages: [SideScrollerCharacter_78] little
[2018.03.22-16.38.39:448][908]LogBlueprintUserMessages: [SideScrollerCharacter_78] basic
[2018.03.22-16.38.40:255][941]LogBlueprintUserMessages: [SideScrollerCharacter_78] big
[2018.03.22-16.38.41:075][975]LogBlueprintUserMessages: [SideScrollerCharacter_78] basic
[2018.03.22-16.38.41:802][  5]LogBlueprintUserMessages: [SideScrollerCharacter_78] little
[2018.03.22-16.43.25:283][492]LogBlueprintUserMessages: Early EndPlayMap Detection: Level '/Game/SideScrollerBP/Maps/SideScrollerExampleMap.SideScrollerExampleMap:PersistentLevel' has LevelScriptBlueprint '/Game/SideScrollerBP/Maps/SideScrollerExampleMap.SideScrollerExampleMap:PersistentLevel.SideScrollerExampleMap' with GeneratedClass '/Game/SideScrollerBP/Maps/SideScrollerExampleMap.SideScrollerExampleMap_C' with ClassGeneratedBy '/Game/SideScrollerBP/Maps/SideScrollerExampleMap.SideScrollerExampleMap:PersistentLevel.SideScrollerExampleMap'
[2018.03.22-16.43.25:371][492]LogBlueprintUserMessages: Late EndPlayMap Detection: Level '/Game/SideScrollerBP/Maps/SideScrollerExampleMap.SideScrollerExampleMap:PersistentLevel' has LevelScriptBlueprint '/Game/SideScrollerBP/Maps/SideScrollerExampleMap.SideScrollerExampleMap:PersistentLevel.SideScrollerExampleMap' with GeneratedClass '/Game/SideScrollerBP/Maps/SideScrollerExampleMap.SideScrollerExampleMap_C' with ClassGeneratedBy '/Game/SideScrollerBP/Maps/SideScrollerExampleMap.SideScrollerExampleMap:PersistentLevel.SideScrollerExampleMap'
[2018.03.22-16.45.29:652][759]LogTemp: Repeating last play command: Selected Viewport
[2018.03.22-16.45.29:674][759]LogBlueprintUserMessages: Early PlayInEditor Detection: Level '/Game/SideScrollerBP/Maps/SideScrollerExampleMap.SideScrollerExampleMap:PersistentLevel' has LevelScriptBlueprint '/Game/SideScrollerBP/Maps/SideScrollerExampleMap.SideScrollerExampleMap:PersistentLevel.SideScrollerExampleMap' with GeneratedClass '/Game/SideScrollerBP/Maps/SideScrollerExampleMap.SideScrollerExampleMap_C' with ClassGeneratedBy '/Game/SideScrollerBP/Maps/SideScrollerExampleMap.SideScrollerExampleMap:PersistentLevel.SideScrollerExampleMap'
[2018.03.22-16.45.29:674][759]LogPlayLevel: PlayLevel: No blueprints needed recompiling
[2018.03.22-16.45.29:674][759]PIE: New page: PIE session: SideScrollerExampleMap (Mar 22, 2018, 6:45:29 PM)
[2018.03.22-16.45.29:674][759]LogPlayLevel: Creating play world package: /Game/SideScrollerBP/Maps/UEDPIE_0_SideScrollerExampleMap
[2018.03.22-16.45.29:694][759]LogPlayLevel: PIE: StaticDuplicateObject took: (0.019883s)
[2018.03.22-16.45.29:696][759]LogAIModule: Creating AISystem for world SideScrollerExampleMap
[2018.03.22-16.45.29:696][759]LogPlayLevel: PIE: World Init took: (0.001694s)
[2018.03.22-16.45.29:696][759]LogPlayLevel: PIE: Created PIE world by copying editor world from /Game/SideScrollerBP/Maps/SideScrollerExampleMap.SideScrollerExampleMap to /Game/SideScrollerBP/Maps/UEDPIE_0_SideScrollerExampleMap.SideScrollerExampleMap (0.022062s)
[2018.03.22-16.45.29:800][759]LogInit: XAudio2 using 'PLE2483H-C (NVIDIA High Definition Audio)' : 2 channels at 48 kHz using 16 bits per sample (channel mask 0x3)
[2018.03.22-16.45.29:813][759]LogInit: FAudioDevice initialized.
[2018.03.22-16.45.29:847][759]LogLoad: Game class is 'SideScrollerGameMode_C'
[2018.03.22-16.45.29:850][759]LogWorld: Bringing World /Game/SideScrollerBP/Maps/UEDPIE_0_SideScrollerExampleMap.SideScrollerExampleMap up for play (max tick rate 0) at 2018.03.22-17.45.29
[2018.03.22-16.45.29:850][759]LogWorld: Bringing up level for play took: 0.002148
[2018.03.22-16.45.29:851][759]PIE: Play in editor start time for /Game/SideScrollerBP/Maps/UEDPIE_0_SideScrollerExampleMap 0.763
[2018.03.22-16.45.29:851][759]LogBlueprintUserMessages: Late PlayInEditor Detection: Level '/Game/SideScrollerBP/Maps/SideScrollerExampleMap.SideScrollerExampleMap:PersistentLevel' has LevelScriptBlueprint '/Game/SideScrollerBP/Maps/SideScrollerExampleMap.SideScrollerExampleMap:PersistentLevel.SideScrollerExampleMap' with GeneratedClass '/Game/SideScrollerBP/Maps/SideScrollerExampleMap.SideScrollerExampleMap_C' with ClassGeneratedBy '/Game/SideScrollerBP/Maps/SideScrollerExampleMap.SideScrollerExampleMap:PersistentLevel.SideScrollerExampleMap'
[2018.03.22-16.45.33:780][842]LogBlueprintUserMessages: [SideScrollerCharacter_78] big
[2018.03.22-16.45.38:113][855]LogBlueprintUserMessages: [SideScrollerCharacter_78] basic
[2018.03.22-16.45.39:446][859]LogBlueprintUserMessages: [SideScrollerCharacter_78] big
[2018.03.22-16.45.53:978][178]LogBlueprintUserMessages: Early EndPlayMap Detection: Level '/Game/SideScrollerBP/Maps/SideScrollerExampleMap.SideScrollerExampleMap:PersistentLevel' has LevelScriptBlueprint '/Game/SideScrollerBP/Maps/SideScrollerExampleMap.SideScrollerExampleMap:PersistentLevel.SideScrollerExampleMap' with GeneratedClass '/Game/SideScrollerBP/Maps/SideScrollerExampleMap.SideScrollerExampleMap_C' with ClassGeneratedBy '/Game/SideScrollerBP/Maps/SideScrollerExampleMap.SideScrollerExampleMap:PersistentLevel.SideScrollerExampleMap'
[2018.03.22-16.45.54:056][178]LogBlueprintUserMessages: Late EndPlayMap Detection: Level '/Game/SideScrollerBP/Maps/SideScrollerExampleMap.SideScrollerExampleMap:PersistentLevel' has LevelScriptBlueprint '/Game/SideScrollerBP/Maps/SideScrollerExampleMap.SideScrollerExampleMap:PersistentLevel.SideScrollerExampleMap' with GeneratedClass '/Game/SideScrollerBP/Maps/SideScrollerExampleMap.SideScrollerExampleMap_C' with ClassGeneratedBy '/Game/SideScrollerBP/Maps/SideScrollerExampleMap.SideScrollerExampleMap:PersistentLevel.SideScrollerExampleMap'
[2018.03.22-16.53.14:331][327]LogFileHelpers: Editor autosave (incl. sublevels) for '/Game/SideScrollerBP/Maps/SideScrollerExampleMap' took 0.020
[2018.03.22-16.53.14:334][327]OBJ SavePackage: Generating thumbnails for [1] asset(s) in package [/Game/SideScrollerBP/Blueprints/SideScrollerCharacter] ([1] browsable assets)...
[2018.03.22-16.53.14:350][327]OBJ SavePackage:     Rendered thumbnail for [Blueprint /Game/SideScrollerBP/Blueprints/SideScrollerCharacter.SideScrollerCharacter]
[2018.03.22-16.53.14:350][327]OBJ SavePackage: Finished generating thumbnails for package [/Game/SideScrollerBP/Blueprints/SideScrollerCharacter]
[2018.03.22-16.53.14:440][327]LogSavePackage: Save=80.71ms
[2018.03.22-16.53.14:440][327]LogSavePackage: Moving 'C:/Users/Lug/Documents/Unreal Projects/Kter/SideScoller/Saved/SideScrollerCharacter_Auto18A1D60B9444F7A139EB427B0CBB74F6F.tmp' to 'C:/Users/Lug/Documents/Unreal Projects/Kter/SideScoller/Saved/Autosaves/Game/SideScrollerBP/Blueprints/SideScrollerCharacter_Auto1.uasset'
[2018.03.22-16.53.14:442][327]LogSavePackage: Display: Finished SavePackage C:/Users/Lug/Documents/Unreal Projects/Kter/SideScoller/Saved/Autosaves/Game/SideScrollerBP/Blueprints/SideScrollerCharacter_Auto1.uasset
[2018.03.22-16.53.14:442][327]LogFileHelpers: Auto-saving content packages took 0.110
